<?xml version="1.0" encoding="UTF-8"?><testsuite errors="0" failures="1" name="Pruebas en la funcionalidad de generación de extractos de la app Daviplata." skipped="0" tests="1" time="502.25" timestamp="2024-07-19 10:43:34"><testcase name="CP07010M_SYS_Validar proceso de pasar plata a un daviplata que no existe con CC (on hold) y se cree daviplata destino"><failure message="No se encontró el elemento: //XCUIElementTypeStaticText[@name='Ingrese sus datos'], debido a: Expected condition failed: waiting for visibility of element located by By.xpath: //XCUIElementTypeStaticText[@name='Ingrese sus datos'] (tried for 5 second(s) with 500 milliseconds interval)" type="java.lang.AssertionError">No se encontró el elemento: //XCUIElementTypeStaticText[@name='Ingrese sus datos'], debido a: Expected condition failed: waiting for visibility of element located by By.xpath: //XCUIElementTypeStaticText[@name='Ingrese sus datos'] (tried for 5 second(s) with 500 milliseconds interval)</failure><system-err>No se encontró el elemento: //XCUIElementTypeStaticText[@name='Ingrese sus datos'], debido a: Expected condition failed: waiting for visibility of element located by By.xpath: //XCUIElementTypeStaticText[@name='Ingrese sus datos'] (tried for 5 second(s) with 500 milliseconds interval)
daviplata.nacional.iOS.utilidades.UtilidadesTCS.esperarElementVisibility(UtilidadesTCS.java:401)
daviplata.nacional.iOS.utilidades.UtilidadesTCS.esperarElementVisibility(UtilidadesTCS.java:399)
daviplata.nacional.iOS.utilidades.UtilidadesTCS.esperarElementVisibility(UtilidadesTCS.java:399)
daviplata.nacional.iOS.utilidades.UtilidadesTCS.esperarElementVisibility(UtilidadesTCS.java:399)
daviplata.nacional.iOS.utilidades.UtilidadesTCS.esperarElementVisibility(UtilidadesTCS.java:399)
daviplata.nacional.iOS.steps.RegistroMayoresSteps.diligenciarFormularioCompleto(RegistroMayoresSteps.java:467)
daviplata.nacional.iOS.definitions.RegistroMayoresDefinitions.realizoDiligenciamentoCompletoDelFormulario(RegistroMayoresDefinitions.java:183)
✽.Realizo diligenciamento completo del formulario "uren alckmun""1""Enero""2000""2""Febrero""2018""3129719403""xxx@gmail.com"(src/test/resources/features/OnHold.feature:16)
</system-err></testcase></testsuite>