<?xml version="1.0" encoding="UTF-8"?><testsuite errors="0" failures="1" name="Set De Casos Microseguros" skipped="0" tests="1" time="286.36" timestamp="2024-03-19 02:59:08"><testcase name="CP10719M_SYS_Validar proceso de compra microseguro de vida para un unico daviplata y muestre mensaje desde menú hamburguesa"><failure message="No se encontró botón 'Aceptar' fecha de nacimiento en microseguros , debido a: Expected condition failed: waiting for element to be clickable: By.xpath: //XCUIElementTypeButton[@name='Done'] (tried for 10 second(s) with 500 milliseconds interval)" type="java.lang.AssertionError">No se encontró botón 'Aceptar' fecha de nacimiento en microseguros , debido a: Expected condition failed: waiting for element to be clickable: By.xpath: //XCUIElementTypeButton[@name='Done'] (tried for 10 second(s) with 500 milliseconds interval)</failure><system-err>No se encontró botón 'Aceptar' fecha de nacimiento en microseguros , debido a: Expected condition failed: waiting for element to be clickable: By.xpath: //XCUIElementTypeButton[@name='Done'] (tried for 10 second(s) with 500 milliseconds interval)
daviplata.nacional.iOS.pageObjects.MarketPlacePageObjects.clicBtnAceptarFechaNacimiento(MarketPlacePageObjects.java:2900)
daviplata.nacional.iOS.pageObjects.MarketPlacePageObjects.clicBtnAceptarFechaNacimiento(MarketPlacePageObjects.java:2898)
daviplata.nacional.iOS.pageObjects.MarketPlacePageObjects.clicBtnAceptarFechaNacimiento(MarketPlacePageObjects.java:2898)
daviplata.nacional.iOS.pageObjects.MarketPlacePageObjects.clicBtnAceptarFechaNacimiento(MarketPlacePageObjects.java:2898)
daviplata.nacional.iOS.pageObjects.MarketPlacePageObjects.clicBtnAceptarFechaNacimiento(MarketPlacePageObjects.java:2898)
daviplata.nacional.iOS.steps.MicroSegurosSteps.ingresocompraseguroHome(MicroSegurosSteps.java:111)
daviplata.nacional.iOS.definitions.MicroSegurosDefinitions.completarFlujoComprarSeguroHome(MicroSegurosDefinitions.java:43)
cucumber.runner.Runner.runPickle(Runner.java:80)
daviplata.nacional.iOS.runners.RunnerPersonalizado.run(RunnerPersonalizado.java:63)
org.eclipse.jdt.internal.junit4.runner.JUnit4TestReference.run(JUnit4TestReference.java:93)
org.eclipse.jdt.internal.junit.runner.TestExecution.run(TestExecution.java:40)
org.eclipse.jdt.internal.junit.runner.RemoteTestRunner.runTests(RemoteTestRunner.java:529)
org.eclipse.jdt.internal.junit.runner.RemoteTestRunner.runTests(RemoteTestRunner.java:756)
org.eclipse.jdt.internal.junit.runner.RemoteTestRunner.run(RemoteTestRunner.java:452)
org.eclipse.jdt.internal.junit.runner.RemoteTestRunner.main(RemoteTestRunner.java:210)
</system-err></testcase></testsuite>