<?xml version="1.0" encoding="UTF-8"?><testsuite errors="0" failures="1" name="Set De Casos Microseguros" skipped="0" tests="1" time="257.14" timestamp="2024-03-26 02:16:18"><testcase name="CP1112M_SYS_Validar proceso de compra microseguro de Bicicleta opción 2 desde menú hamburguesa"><failure message="No se encontró boton 'Bicicleta' en el modulo de seguros, debido a: Expected condition failed: waiting for element to be clickable: By.xpath: //XCUIElementTypeStaticText[@name='BIcicleta'] (tried for 10 second(s) with 500 milliseconds interval)" type="java.lang.AssertionError">No se encontró boton 'Bicicleta' en el modulo de seguros, debido a: Expected condition failed: waiting for element to be clickable: By.xpath: //XCUIElementTypeStaticText[@name='BIcicleta'] (tried for 10 second(s) with 500 milliseconds interval)</failure><system-err>No se encontró boton 'Bicicleta' en el modulo de seguros, debido a: Expected condition failed: waiting for element to be clickable: By.xpath: //XCUIElementTypeStaticText[@name='BIcicleta'] (tried for 10 second(s) with 500 milliseconds interval)
daviplata.nacional.iOS.pageObjects.MarketPlacePageObjects.btnBicicleta(MarketPlacePageObjects.java:1387)
daviplata.nacional.iOS.pageObjects.MarketPlacePageObjects.btnBicicleta(MarketPlacePageObjects.java:1385)
daviplata.nacional.iOS.pageObjects.MarketPlacePageObjects.btnBicicleta(MarketPlacePageObjects.java:1385)
daviplata.nacional.iOS.pageObjects.MarketPlacePageObjects.btnBicicleta(MarketPlacePageObjects.java:1385)
daviplata.nacional.iOS.pageObjects.MarketPlacePageObjects.btnBicicleta(MarketPlacePageObjects.java:1385)
daviplata.nacional.iOS.steps.MarketPlaceSteps.btnSeguroBicicleta(MarketPlaceSteps.java:316)
daviplata.nacional.iOS.definitions.MarketPlaceDefinitions.completoFlujoComprarSeguroBicicleta(MarketPlaceDefinitions.java:158)
✽.Completo flujo comprar seguro bicicleta "2"(src/test/resources/features/MicroSeguro.feature:193)
</system-err></testcase></testsuite>