<?xml version="1.0" encoding="UTF-8"?><testsuite errors="0" failures="1" name="Casos de fondos insuficientes" skipped="0" tests="1" time="247.04" timestamp="2024-02-08 12:01:57"><testcase name="CP2550M_SYS_Validar el mensaje de fondos insuficientes para la transacción Pasar Plata a Pasar Plata Ya (Con GMF) - (Pasar Plata)"><failure message="No se encontró botón continuar debido a: Expected condition failed: waiting for presence of element located by: By.name: Continuar (tried for 10 second(s) with 500 milliseconds interval)" type="java.lang.AssertionError">No se encontró botón continuar debido a: Expected condition failed: waiting for presence of element located by: By.name: Continuar (tried for 10 second(s) with 500 milliseconds interval)</failure><system-err>No se encontró botón continuar debido a: Expected condition failed: waiting for presence of element located by: By.name: Continuar (tried for 10 second(s) with 500 milliseconds interval)
daviplata.nacional.iOS.pageObjects.PasarPlataPageObjects.clickBtnContinuarTransiYaPopup(PasarPlataPageObjects.java:750)
daviplata.nacional.iOS.pageObjects.PasarPlataPageObjects.clickBtnContinuarTransiYaPopup(PasarPlataPageObjects.java:748)
daviplata.nacional.iOS.pageObjects.PasarPlataPageObjects.clickBtnContinuarTransiYaPopup(PasarPlataPageObjects.java:748)
daviplata.nacional.iOS.pageObjects.PasarPlataPageObjects.clickBtnContinuarTransiYaPopup(PasarPlataPageObjects.java:748)
daviplata.nacional.iOS.pageObjects.PasarPlataPageObjects.clickBtnContinuarTransiYaPopup(PasarPlataPageObjects.java:748)
daviplata.nacional.iOS.steps.PasarPlataSteps.irATransfiYa(PasarPlataSteps.java:1249)
daviplata.nacional.iOS.definitions.PasarPlataDefinitions.irALaOpcionTransfiYA(PasarPlataDefinitions.java:457)
cucumber.runner.Runner.runPickle(Runner.java:80)
daviplata.nacional.iOS.runners.RunnerPersonalizado.run(RunnerPersonalizado.java:63)
org.eclipse.jdt.internal.junit4.runner.JUnit4TestReference.run(JUnit4TestReference.java:93)
org.eclipse.jdt.internal.junit.runner.TestExecution.run(TestExecution.java:40)
org.eclipse.jdt.internal.junit.runner.RemoteTestRunner.runTests(RemoteTestRunner.java:529)
org.eclipse.jdt.internal.junit.runner.RemoteTestRunner.runTests(RemoteTestRunner.java:756)
org.eclipse.jdt.internal.junit.runner.RemoteTestRunner.run(RemoteTestRunner.java:452)
org.eclipse.jdt.internal.junit.runner.RemoteTestRunner.main(RemoteTestRunner.java:210)
</system-err></testcase></testsuite>