<?xml version="1.0" encoding="UTF-8"?><testsuite errors="0" failures="1" name="Set De Casos Microseguros" skipped="0" tests="1" time="439.88" timestamp="2024-03-26 11:55:49"><testcase name="CP02141M_SYS_Validar proceso de compra microseguro de vida opción 2 con usuario GMF desde Home"><failure message="No se pudo dar click a btn finalizar compra, debido a: Expected condition failed: waiting for element to be clickable: By.xpath: //*[contains(@name,'Finalizar')] (tried for 10 second(s) with 500 milliseconds interval)" type="java.lang.AssertionError">No se pudo dar click a btn finalizar compra, debido a: Expected condition failed: waiting for element to be clickable: By.xpath: //*[contains(@name,'Finalizar')] (tried for 10 second(s) with 500 milliseconds interval)</failure><system-err>No se pudo dar click a btn finalizar compra, debido a: Expected condition failed: waiting for element to be clickable: By.xpath: //*[contains(@name,'Finalizar')] (tried for 10 second(s) with 500 milliseconds interval)
daviplata.nacional.iOS.pageObjects.MarketPlacePageObjects.darClickBtnFinalizarCompra(MarketPlacePageObjects.java:1851)
daviplata.nacional.iOS.pageObjects.MarketPlacePageObjects.darClickBtnFinalizarCompra(MarketPlacePageObjects.java:1849)
daviplata.nacional.iOS.pageObjects.MarketPlacePageObjects.darClickBtnFinalizarCompra(MarketPlacePageObjects.java:1849)
daviplata.nacional.iOS.pageObjects.MarketPlacePageObjects.darClickBtnFinalizarCompra(MarketPlacePageObjects.java:1849)
daviplata.nacional.iOS.pageObjects.MarketPlacePageObjects.darClickBtnFinalizarCompra(MarketPlacePageObjects.java:1849)
daviplata.nacional.iOS.steps.MarketPlaceSteps.btnValidar(MarketPlaceSteps.java:373)
daviplata.nacional.iOS.definitions.MarketPlaceDefinitions.validarCompraDeSeguro(MarketPlaceDefinitions.java:108)
✽.validar compra de seguro(src/test/resources/features/MicroSeguro.feature:69)
</system-err></testcase></testsuite>