<?xml version="1.0" encoding="UTF-8"?><testsuite errors="0" failures="1" name="Modulo Meter plata" skipped="0" tests="1" time="304.86" timestamp="2024-07-15 02:23:56"><testcase name="CP020006M_SYS_Validar el crédito con un DaviPlata que tenga el tope máximo y que ésta se rechace."><failure message="No se pudo interactuar con el elemento: (//XCUIElementTypeTextField)[4] | //XCUIElementTypeStaticText[@name='Ingrese su correo registrado en PSE']" type="java.lang.AssertionError">No se pudo interactuar con el elemento: (//XCUIElementTypeTextField)[4] | //XCUIElementTypeStaticText[@name='Ingrese su correo registrado en PSE']</failure><system-err>No se pudo interactuar con el elemento: (//XCUIElementTypeTextField)[4] | //XCUIElementTypeStaticText[@name='Ingrese su correo registrado en PSE']
daviplata.nacional.iOS.utilidades.UtilidadesTCS.cleanInputElement(UtilidadesTCS.java:576)
daviplata.nacional.iOS.steps.MeterPlataSteps.ingresarCorreoPse(MeterPlataSteps.java:390)
daviplata.nacional.iOS.definitions.MeterPlataDefinitions.ingresoCaracteresAlfanumericosEnElCampoDeCorreo(MeterPlataDefinitions.java:268)
✽.Ingreso caracteres alfanumericos en el campo de correo "ytre@gmail.com"(src/test/resources/features/MeterPlata.feature:205)
</system-err></testcase></testsuite>