<?xml version="1.0" encoding="UTF-8"?><testsuite errors="0" failures="4" name="Pruebas modulo Bolsillos" skipped="0" tests="4" time="661.93" timestamp="2024-08-15 03:50:23"><testcase name="CP02030M_SYS_Validar la creación de bolsillo en cero pesos desde el home"><failure message="No se pudo interactuar con el elemento: //XCUIElementTypeButton[@name='Menu de conocimiento']" type="java.lang.AssertionError">No se pudo interactuar con el elemento: //XCUIElementTypeButton[@name='Menu de conocimiento']</failure><system-err>No se pudo interactuar con el elemento: //XCUIElementTypeButton[@name='Menu de conocimiento']
daviplata.nacional.iOS.utilidades.UtilidadesTCS.validateElementVisibility(UtilidadesTCS.java:320)
daviplata.nacional.iOS.steps.LoginSteps.ingresarAApp(LoginSteps.java:134)
daviplata.nacional.iOS.definitions.LoginDefinitions.ingresoUsuarioYContrasena(LoginDefinitions.java:45)
✽.ingreso usuario y contrasena "CC" "1020770044" "2589"(src/test/resources/features/bolsillo.feature:9)
</system-err></testcase><testcase name="CP02040M_SYS_Validar la creación de bolsillo semanal con valor desde el home daviplata."><failure message="No pudo interactuar con el elemento del teclado de iOS, debido a: An element could not be located on the page using the given search parameters.&#10;For documentation on this error, please visit: http://seleniumhq.org/exceptions/no_such_element.html&#10;Build info: version: '3.14.0', revision: 'aacccce0', time: '2018-08-02T20:19:58.91Z'&#10;System info: host: 'JPDONGUT-JW37PV36DC', ip: 'fe80:0:0:0:1006:c8dc:5700:ef12%en0', os.name: 'Mac OS X', os.arch: 'x86_64', os.version: '14.3.1', java.version: '1.8.0_411'&#10;Driver info: io.appium.java_client.AppiumDriver&#10;Capabilities {autoAcceptAlerts: true, automationName: XCUITest, browserName: , bundleId: com.daviplatavalid.labvalid, databaseEnabled: false, deviceName: iPhone 12, javascriptEnabled: true, locationContextEnabled: false, networkConnectionEnabled: false, newCommandTimeout: 240, noReset: false, platform: MAC, platformName: MAC, platformVersion: 17.5, showXcodelog: true, skipUnlock: true, takesScreenshot: true, udid: 00008101-000E35003688801E, webStorageEnabled: false}&#10;Session ID: ef87b4fe-deb7-410a-bd18-ac7099564ff6&#10;*** Element info: {Using=xpath, value=//XCUIElementTypeKey[@name='a']}" type="java.lang.AssertionError">No pudo interactuar con el elemento del teclado de iOS, debido a: An element could not be located on the page using the given search parameters.
For documentation on this error, please visit: http://seleniumhq.org/exceptions/no_such_element.html
Build info: version: '3.14.0', revision: 'aacccce0', time: '2018-08-02T20:19:58.91Z'
System info: host: 'JPDONGUT-JW37PV36DC', ip: 'fe80:0:0:0:1006:c8dc:5700:ef12%en0', os.name: 'Mac OS X', os.arch: 'x86_64', os.version: '14.3.1', java.version: '1.8.0_411'
Driver info: io.appium.java_client.AppiumDriver
Capabilities {autoAcceptAlerts: true, automationName: XCUITest, browserName: , bundleId: com.daviplatavalid.labvalid, databaseEnabled: false, deviceName: iPhone 12, javascriptEnabled: true, locationContextEnabled: false, networkConnectionEnabled: false, newCommandTimeout: 240, noReset: false, platform: MAC, platformName: MAC, platformVersion: 17.5, showXcodelog: true, skipUnlock: true, takesScreenshot: true, udid: 00008101-000E35003688801E, webStorageEnabled: false}
Session ID: ef87b4fe-deb7-410a-bd18-ac7099564ff6
*** Element info: {Using=xpath, value=//XCUIElementTypeKey[@name='a']}</failure><system-err>No pudo interactuar con el elemento del teclado de iOS, debido a: An element could not be located on the page using the given search parameters.
For documentation on this error, please visit: http://seleniumhq.org/exceptions/no_such_element.html
Build info: version: '3.14.0', revision: 'aacccce0', time: '2018-08-02T20:19:58.91Z'
System info: host: 'JPDONGUT-JW37PV36DC', ip: 'fe80:0:0:0:1006:c8dc:5700:ef12%en0', os.name: 'Mac OS X', os.arch: 'x86_64', os.version: '14.3.1', java.version: '1.8.0_411'
Driver info: io.appium.java_client.AppiumDriver
Capabilities {autoAcceptAlerts: true, automationName: XCUITest, browserName: , bundleId: com.daviplatavalid.labvalid, databaseEnabled: false, deviceName: iPhone 12, javascriptEnabled: true, locationContextEnabled: false, networkConnectionEnabled: false, newCommandTimeout: 240, noReset: false, platform: MAC, platformName: MAC, platformVersion: 17.5, showXcodelog: true, skipUnlock: true, takesScreenshot: true, udid: 00008101-000E35003688801E, webStorageEnabled: false}
Session ID: ef87b4fe-deb7-410a-bd18-ac7099564ff6
*** Element info: {Using=xpath, value=//XCUIElementTypeKey[@name='a']}
daviplata.nacional.iOS.utilidades.UtilidadesTCS.escribirPorTecladoIos(UtilidadesTCS.java:739)
daviplata.nacional.iOS.steps.PasarPlataSteps.crearBolsilloPeriodo(PasarPlataSteps.java:1249)
daviplata.nacional.iOS.definitions.BolsilloDefinitions.flujoDeCrearBolsilloPorPeriodo(BolsilloDefinitions.java:71)
cucumber.runner.Runner.runPickle(Runner.java:80)
daviplata.nacional.iOS.runners.RunnerPersonalizado.run(RunnerPersonalizado.java:63)
org.eclipse.jdt.internal.junit4.runner.JUnit4TestReference.run(JUnit4TestReference.java:93)
org.eclipse.jdt.internal.junit.runner.TestExecution.run(TestExecution.java:40)
org.eclipse.jdt.internal.junit.runner.RemoteTestRunner.runTests(RemoteTestRunner.java:529)
org.eclipse.jdt.internal.junit.runner.RemoteTestRunner.runTests(RemoteTestRunner.java:756)
org.eclipse.jdt.internal.junit.runner.RemoteTestRunner.run(RemoteTestRunner.java:452)
org.eclipse.jdt.internal.junit.runner.RemoteTestRunner.main(RemoteTestRunner.java:210)
</system-err></testcase><testcase name="CP03750M_SYS_Validar la creación de bolsillo quincenal con valor desde el Home daviplata."><failure message="No pudo interactuar con el elemento del teclado de iOS, debido a: An element could not be located on the page using the given search parameters.&#10;For documentation on this error, please visit: http://seleniumhq.org/exceptions/no_such_element.html&#10;Build info: version: '3.14.0', revision: 'aacccce0', time: '2018-08-02T20:19:58.91Z'&#10;System info: host: 'JPDONGUT-JW37PV36DC', ip: 'fe80:0:0:0:1006:c8dc:5700:ef12%en0', os.name: 'Mac OS X', os.arch: 'x86_64', os.version: '14.3.1', java.version: '1.8.0_411'&#10;Driver info: io.appium.java_client.AppiumDriver&#10;Capabilities {autoAcceptAlerts: true, automationName: XCUITest, browserName: , bundleId: com.daviplatavalid.labvalid, databaseEnabled: false, deviceName: iPhone 12, javascriptEnabled: true, locationContextEnabled: false, networkConnectionEnabled: false, newCommandTimeout: 240, noReset: false, platform: MAC, platformName: MAC, platformVersion: 17.5, showXcodelog: true, skipUnlock: true, takesScreenshot: true, udid: 00008101-000E35003688801E, webStorageEnabled: false}&#10;Session ID: c47cbde3-fce5-4a27-b177-29815f3c80dc&#10;*** Element info: {Using=xpath, value=//XCUIElementTypeKey[@name='c']}" type="java.lang.AssertionError">No pudo interactuar con el elemento del teclado de iOS, debido a: An element could not be located on the page using the given search parameters.
For documentation on this error, please visit: http://seleniumhq.org/exceptions/no_such_element.html
Build info: version: '3.14.0', revision: 'aacccce0', time: '2018-08-02T20:19:58.91Z'
System info: host: 'JPDONGUT-JW37PV36DC', ip: 'fe80:0:0:0:1006:c8dc:5700:ef12%en0', os.name: 'Mac OS X', os.arch: 'x86_64', os.version: '14.3.1', java.version: '1.8.0_411'
Driver info: io.appium.java_client.AppiumDriver
Capabilities {autoAcceptAlerts: true, automationName: XCUITest, browserName: , bundleId: com.daviplatavalid.labvalid, databaseEnabled: false, deviceName: iPhone 12, javascriptEnabled: true, locationContextEnabled: false, networkConnectionEnabled: false, newCommandTimeout: 240, noReset: false, platform: MAC, platformName: MAC, platformVersion: 17.5, showXcodelog: true, skipUnlock: true, takesScreenshot: true, udid: 00008101-000E35003688801E, webStorageEnabled: false}
Session ID: c47cbde3-fce5-4a27-b177-29815f3c80dc
*** Element info: {Using=xpath, value=//XCUIElementTypeKey[@name='c']}</failure><system-err>No pudo interactuar con el elemento del teclado de iOS, debido a: An element could not be located on the page using the given search parameters.
For documentation on this error, please visit: http://seleniumhq.org/exceptions/no_such_element.html
Build info: version: '3.14.0', revision: 'aacccce0', time: '2018-08-02T20:19:58.91Z'
System info: host: 'JPDONGUT-JW37PV36DC', ip: 'fe80:0:0:0:1006:c8dc:5700:ef12%en0', os.name: 'Mac OS X', os.arch: 'x86_64', os.version: '14.3.1', java.version: '1.8.0_411'
Driver info: io.appium.java_client.AppiumDriver
Capabilities {autoAcceptAlerts: true, automationName: XCUITest, browserName: , bundleId: com.daviplatavalid.labvalid, databaseEnabled: false, deviceName: iPhone 12, javascriptEnabled: true, locationContextEnabled: false, networkConnectionEnabled: false, newCommandTimeout: 240, noReset: false, platform: MAC, platformName: MAC, platformVersion: 17.5, showXcodelog: true, skipUnlock: true, takesScreenshot: true, udid: 00008101-000E35003688801E, webStorageEnabled: false}
Session ID: c47cbde3-fce5-4a27-b177-29815f3c80dc
*** Element info: {Using=xpath, value=//XCUIElementTypeKey[@name='c']}
daviplata.nacional.iOS.utilidades.UtilidadesTCS.escribirPorTecladoIos(UtilidadesTCS.java:739)
daviplata.nacional.iOS.steps.PasarPlataSteps.crearBolsilloPeriodo(PasarPlataSteps.java:1249)
daviplata.nacional.iOS.definitions.BolsilloDefinitions.flujoDeCrearBolsilloPorPeriodo(BolsilloDefinitions.java:71)
cucumber.runner.Runner.runPickle(Runner.java:80)
daviplata.nacional.iOS.runners.RunnerPersonalizado.run(RunnerPersonalizado.java:63)
org.eclipse.jdt.internal.junit4.runner.JUnit4TestReference.run(JUnit4TestReference.java:93)
org.eclipse.jdt.internal.junit.runner.TestExecution.run(TestExecution.java:40)
org.eclipse.jdt.internal.junit.runner.RemoteTestRunner.runTests(RemoteTestRunner.java:529)
org.eclipse.jdt.internal.junit.runner.RemoteTestRunner.runTests(RemoteTestRunner.java:756)
org.eclipse.jdt.internal.junit.runner.RemoteTestRunner.run(RemoteTestRunner.java:452)
org.eclipse.jdt.internal.junit.runner.RemoteTestRunner.main(RemoteTestRunner.java:210)
</system-err></testcase><testcase name="CP03000M_SYS_Validar la creación de bolsillo mensual con valor desde el Home daviplata"><failure message="No se pudo interactuar con el elemento: //XCUIElementTypeButton[@name='Menu de conocimiento']" type="java.lang.AssertionError">No se pudo interactuar con el elemento: //XCUIElementTypeButton[@name='Menu de conocimiento']</failure><system-err>No se pudo interactuar con el elemento: //XCUIElementTypeButton[@name='Menu de conocimiento']
daviplata.nacional.iOS.utilidades.UtilidadesTCS.validateElementVisibility(UtilidadesTCS.java:320)
daviplata.nacional.iOS.steps.LoginSteps.ingresarAApp(LoginSteps.java:134)
daviplata.nacional.iOS.definitions.LoginDefinitions.ingresoUsuarioYContrasena(LoginDefinitions.java:45)
✽.ingreso usuario y contrasena "CC" "1020770044" "2589"(src/test/resources/features/bolsillo.feature:66)
</system-err></testcase></testsuite>