<?xml version="1.0" encoding="UTF-8"?><testsuite errors="0" failures="3" name="Pruebas en la funcionalidad de generación de extractos de la app Daviplata." skipped="0" tests="4" time="846.84" timestamp="2024-07-22 11:43:41"><testcase name="CP80001M_SYS_Validar proceso de generación de extractos"><failure message="No se encontró el elemento: //XCUIElementTypeCell[@name='Save to Files']/XCUIElementTypeOther[2], debido a: Expected condition failed: waiting for visibility of element located by By.xpath: //XCUIElementTypeCell[@name='Save to Files']/XCUIElementTypeOther[2] (tried for 5 second(s) with 500 milliseconds interval)" type="java.lang.AssertionError">No se encontró el elemento: //XCUIElementTypeCell[@name='Save to Files']/XCUIElementTypeOther[2], debido a: Expected condition failed: waiting for visibility of element located by By.xpath: //XCUIElementTypeCell[@name='Save to Files']/XCUIElementTypeOther[2] (tried for 5 second(s) with 500 milliseconds interval)</failure><system-err>No se encontró el elemento: //XCUIElementTypeCell[@name='Save to Files']/XCUIElementTypeOther[2], debido a: Expected condition failed: waiting for visibility of element located by By.xpath: //XCUIElementTypeCell[@name='Save to Files']/XCUIElementTypeOther[2] (tried for 5 second(s) with 500 milliseconds interval)
daviplata.nacional.iOS.utilidades.UtilidadesTCS.esperarElementVisibility(UtilidadesTCS.java:401)
daviplata.nacional.iOS.utilidades.UtilidadesTCS.esperarElementVisibility(UtilidadesTCS.java:399)
daviplata.nacional.iOS.utilidades.UtilidadesTCS.esperarElementVisibility(UtilidadesTCS.java:399)
daviplata.nacional.iOS.utilidades.UtilidadesTCS.esperarElementVisibility(UtilidadesTCS.java:399)
daviplata.nacional.iOS.utilidades.UtilidadesTCS.esperarElementVisibility(UtilidadesTCS.java:399)
daviplata.nacional.iOS.steps.GeneracionExtractosSteps.validarGeneracionExtracto(GeneracionExtractosSteps.java:64)
daviplata.nacional.iOS.definitions.GenerarExtractosDefinitions.validarGeneraciónDeExtracto(GenerarExtractosDefinitions.java:32)
✽.Validar generación de extracto(src/test/resources/features/GenerarExtractos.feature:10)
</system-err></testcase><testcase name="CP80002M_SYS_Validar que deje seleccionar la fecha de extracto"><failure message="No se encontró el elemento: //XCUIElementTypeCell[@name='Save to Files']/XCUIElementTypeOther[2], debido a: Expected condition failed: waiting for visibility of element located by By.xpath: //XCUIElementTypeCell[@name='Save to Files']/XCUIElementTypeOther[2] (tried for 5 second(s) with 500 milliseconds interval)" type="java.lang.AssertionError">No se encontró el elemento: //XCUIElementTypeCell[@name='Save to Files']/XCUIElementTypeOther[2], debido a: Expected condition failed: waiting for visibility of element located by By.xpath: //XCUIElementTypeCell[@name='Save to Files']/XCUIElementTypeOther[2] (tried for 5 second(s) with 500 milliseconds interval)</failure><system-err>No se encontró el elemento: //XCUIElementTypeCell[@name='Save to Files']/XCUIElementTypeOther[2], debido a: Expected condition failed: waiting for visibility of element located by By.xpath: //XCUIElementTypeCell[@name='Save to Files']/XCUIElementTypeOther[2] (tried for 5 second(s) with 500 milliseconds interval)
daviplata.nacional.iOS.utilidades.UtilidadesTCS.esperarElementVisibility(UtilidadesTCS.java:401)
daviplata.nacional.iOS.utilidades.UtilidadesTCS.esperarElementVisibility(UtilidadesTCS.java:399)
daviplata.nacional.iOS.utilidades.UtilidadesTCS.esperarElementVisibility(UtilidadesTCS.java:399)
daviplata.nacional.iOS.utilidades.UtilidadesTCS.esperarElementVisibility(UtilidadesTCS.java:399)
daviplata.nacional.iOS.utilidades.UtilidadesTCS.esperarElementVisibility(UtilidadesTCS.java:399)
daviplata.nacional.iOS.steps.GeneracionExtractosSteps.validarGeneracionExtracto(GeneracionExtractosSteps.java:64)
daviplata.nacional.iOS.definitions.GenerarExtractosDefinitions.validarGeneraciónDeExtracto(GenerarExtractosDefinitions.java:32)
✽.Validar generación de extracto(src/test/resources/features/GenerarExtractos.feature:22)
</system-err></testcase><testcase name="CP80003M_SYS_Validar que se pueda descargar el extracto en pdf"><failure message="No se encontró el elemento: //XCUIElementTypeButton[contains(@name, 'Extracto')], debido a: Expected condition failed: waiting for visibility of element located by By.xpath: //XCUIElementTypeButton[contains(@name, 'Extracto')] (tried for 5 second(s) with 500 milliseconds interval)" type="java.lang.AssertionError">No se encontró el elemento: //XCUIElementTypeButton[contains(@name, 'Extracto')], debido a: Expected condition failed: waiting for visibility of element located by By.xpath: //XCUIElementTypeButton[contains(@name, 'Extracto')] (tried for 5 second(s) with 500 milliseconds interval)</failure><system-err>No se encontró el elemento: //XCUIElementTypeButton[contains(@name, 'Extracto')], debido a: Expected condition failed: waiting for visibility of element located by By.xpath: //XCUIElementTypeButton[contains(@name, 'Extracto')] (tried for 5 second(s) with 500 milliseconds interval)
daviplata.nacional.iOS.utilidades.UtilidadesTCS.esperarElementVisibility(UtilidadesTCS.java:401)
daviplata.nacional.iOS.utilidades.UtilidadesTCS.esperarElementVisibility(UtilidadesTCS.java:399)
daviplata.nacional.iOS.utilidades.UtilidadesTCS.esperarElementVisibility(UtilidadesTCS.java:399)
daviplata.nacional.iOS.utilidades.UtilidadesTCS.esperarElementVisibility(UtilidadesTCS.java:399)
daviplata.nacional.iOS.utilidades.UtilidadesTCS.esperarElementVisibility(UtilidadesTCS.java:399)
daviplata.nacional.iOS.steps.GeneracionExtractosSteps.validarGeneracionExtracto(GeneracionExtractosSteps.java:60)
daviplata.nacional.iOS.definitions.GenerarExtractosDefinitions.validarGeneraciónDeExtracto(GenerarExtractosDefinitions.java:32)
✽.Validar generación de extracto(src/test/resources/features/GenerarExtractos.feature:33)
</system-err></testcase><testcase name="CP80004M_SYS_Validar la opción ¿Cuánto Debo? Generación Extractos para créditos Bajo Monto"/></testsuite>