<?xml version="1.0" encoding="UTF-8"?><testsuite errors="0" failures="2" name="Modulo Registro De Mayores" skipped="0" tests="3" time="263.94" timestamp="2024-07-25 03:11:41"><testcase name="CP031000M_SYS_Validar que el botón '¿Necesita ayuda?' al abrir la app se encuentre en la esquina inferior derecha y permita desplazarse por todo la pantalla según la comodidad del usuario"/><testcase name="CP031001M_SYS_Validar que el botón '¿Necesita ayuda?' al abrir la app se encuentre en la esquina inferior derecha y permita desplazarse por todo la pantalla segun la comodidad del usuario"><failure message="No se encontró el elemento: //XCUIElementTypeButton[@name='Menu de conocimiento'] | (//XCUIElementTypeButton)[2], debido a: Expected condition failed: waiting for visibility of element located by By.xpath: //XCUIElementTypeButton[@name='Menu de conocimiento'] | (//XCUIElementTypeButton)[2] (tried for 5 second(s) with 500 milliseconds interval)&#10;Build info: version: '3.14.0', revision: 'aacccce0', time: '2018-08-02T20:19:58.91Z'&#10;System info: host: 'JPDONGUT-JW37PV36DC', ip: 'fe80:0:0:0:1881:8fe9:dda3:b69e%en0', os.name: 'Mac OS X', os.arch: 'x86_64', os.version: '14.3.1', java.version: '1.8.0_411'&#10;Driver info: io.appium.java_client.AppiumDriver&#10;Capabilities {autoAcceptAlerts: true, automationName: XCUITest, browserName: , bundleId: com.daviplatavalid.lab, databaseEnabled: false, deviceName: iPhone 12, javascriptEnabled: true, locationContextEnabled: false, networkConnectionEnabled: false, newCommandTimeout: 240, noReset: false, platform: MAC, platformName: MAC, platformVersion: 17.5, showXcodelog: true, skipUnlock: true, takesScreenshot: true, udid: 00008101-000E35003688801E, webStorageEnabled: false}&#10;Session ID: b9a3369a-3d4a-4f15-9a3b-8839ade584c0" type="java.lang.AssertionError">No se encontró el elemento: //XCUIElementTypeButton[@name='Menu de conocimiento'] | (//XCUIElementTypeButton)[2], debido a: Expected condition failed: waiting for visibility of element located by By.xpath: //XCUIElementTypeButton[@name='Menu de conocimiento'] | (//XCUIElementTypeButton)[2] (tried for 5 second(s) with 500 milliseconds interval)
Build info: version: '3.14.0', revision: 'aacccce0', time: '2018-08-02T20:19:58.91Z'
System info: host: 'JPDONGUT-JW37PV36DC', ip: 'fe80:0:0:0:1881:8fe9:dda3:b69e%en0', os.name: 'Mac OS X', os.arch: 'x86_64', os.version: '14.3.1', java.version: '1.8.0_411'
Driver info: io.appium.java_client.AppiumDriver
Capabilities {autoAcceptAlerts: true, automationName: XCUITest, browserName: , bundleId: com.daviplatavalid.lab, databaseEnabled: false, deviceName: iPhone 12, javascriptEnabled: true, locationContextEnabled: false, networkConnectionEnabled: false, newCommandTimeout: 240, noReset: false, platform: MAC, platformName: MAC, platformVersion: 17.5, showXcodelog: true, skipUnlock: true, takesScreenshot: true, udid: 00008101-000E35003688801E, webStorageEnabled: false}
Session ID: b9a3369a-3d4a-4f15-9a3b-8839ade584c0</failure><system-err>No se encontró el elemento: //XCUIElementTypeButton[@name='Menu de conocimiento'] | (//XCUIElementTypeButton)[2], debido a: Expected condition failed: waiting for visibility of element located by By.xpath: //XCUIElementTypeButton[@name='Menu de conocimiento'] | (//XCUIElementTypeButton)[2] (tried for 5 second(s) with 500 milliseconds interval)
Build info: version: '3.14.0', revision: 'aacccce0', time: '2018-08-02T20:19:58.91Z'
System info: host: 'JPDONGUT-JW37PV36DC', ip: 'fe80:0:0:0:1881:8fe9:dda3:b69e%en0', os.name: 'Mac OS X', os.arch: 'x86_64', os.version: '14.3.1', java.version: '1.8.0_411'
Driver info: io.appium.java_client.AppiumDriver
Capabilities {autoAcceptAlerts: true, automationName: XCUITest, browserName: , bundleId: com.daviplatavalid.lab, databaseEnabled: false, deviceName: iPhone 12, javascriptEnabled: true, locationContextEnabled: false, networkConnectionEnabled: false, newCommandTimeout: 240, noReset: false, platform: MAC, platformName: MAC, platformVersion: 17.5, showXcodelog: true, skipUnlock: true, takesScreenshot: true, udid: 00008101-000E35003688801E, webStorageEnabled: false}
Session ID: b9a3369a-3d4a-4f15-9a3b-8839ade584c0
daviplata.nacional.iOS.utilidades.UtilidadesTCS.esperarElementVisibility(UtilidadesTCS.java:401)
daviplata.nacional.iOS.utilidades.UtilidadesTCS.esperarElementVisibility(UtilidadesTCS.java:399)
daviplata.nacional.iOS.utilidades.UtilidadesTCS.esperarElementVisibility(UtilidadesTCS.java:399)
daviplata.nacional.iOS.utilidades.UtilidadesTCS.esperarElementVisibility(UtilidadesTCS.java:399)
daviplata.nacional.iOS.utilidades.UtilidadesTCS.esperarElementVisibility(UtilidadesTCS.java:399)
daviplata.nacional.iOS.steps.LoginRobustoSteps.validarOpcCambiarNum(LoginRobustoSteps.java:87)
daviplata.nacional.iOS.definitions.LoginRobustoDefinitions.validoLaOpcionCambiarMiNumero(LoginRobustoDefinitions.java:44)
✽.valido la opcion 'Cambiar mi numero'(src/test/resources/features/RegistroMayores.feature:42)
</system-err></testcase><testcase name="CP031002M_SYS_Validacion de registro en cedula de extranjeria exitoso y no exitoso"><failure message="No pudo interactuar con el elemento: //XCUIElementTypeButton[@name='Registrarme']" type="java.lang.AssertionError">No pudo interactuar con el elemento: //XCUIElementTypeButton[@name='Registrarme']</failure><system-err>No pudo interactuar con el elemento: //XCUIElementTypeButton[@name='Registrarme']
daviplata.nacional.iOS.utilidades.UtilidadesTCS.clicElement(UtilidadesTCS.java:92)
daviplata.nacional.iOS.steps.RegistroMayoresSteps.hacerClicBotonRegistrarmePopUpRegistro(RegistroMayoresSteps.java:258)
daviplata.nacional.iOS.definitions.RegistroDefinitions.hiceClicEnElBotonDeRegistrarme(RegistroDefinitions.java:143)
✽.Hice clic en el boton de registrarme(src/test/resources/features/RegistroMayores.feature:53)
</system-err></testcase></testsuite>