<?xml version="1.0" encoding="UTF-8"?><testsuite errors="0" failures="1" name="Pruebas modulo Bolsillos" skipped="0" tests="1" time="199.57" timestamp="2024-10-29 04:04:11"><testcase name="CP02050M_SYS_Validar proceso de modificar bolsillo en nombre y fechas."><failure message="No se pudo pulsar el btn modificar bolsillo  debido a: Expected condition failed: waiting for element to be clickable: By.xpath: //XCUIElementTypeButton[@name='Modificar'] (tried for 5 second(s) with 500 milliseconds interval)&#10;Build info: version: '3.14.0', revision: 'aacccce0', time: '2018-08-02T20:19:58.91Z'&#10;System info: host: 'JPDONGUT-JW37PV36DC', ip: 'fe80:0:0:0:42d:433c:cf73:d4b%en0', os.name: 'Mac OS X', os.arch: 'x86_64', os.version: '14.3.1', java.version: '1.8.0_411'&#10;Driver info: io.appium.java_client.AppiumDriver&#10;Capabilities {autoAcceptAlerts: true, automationName: XCUITest, browserName: , bundleId: com.daviplatavalid.labvalid, databaseEnabled: false, deviceName: iPhone 12, javascriptEnabled: true, locationContextEnabled: false, networkConnectionEnabled: false, newCommandTimeout: 240, noReset: false, platform: MAC, platformName: MAC, platformVersion: 17.5, showXcodelog: true, skipUnlock: true, takesScreenshot: true, udid: 00008101-000E35003688801E, webStorageEnabled: false}&#10;Session ID: 774518bc-00f5-44e8-b3cf-ef2069c8e6a1" type="java.lang.AssertionError">No se pudo pulsar el btn modificar bolsillo  debido a: Expected condition failed: waiting for element to be clickable: By.xpath: //XCUIElementTypeButton[@name='Modificar'] (tried for 5 second(s) with 500 milliseconds interval)
Build info: version: '3.14.0', revision: 'aacccce0', time: '2018-08-02T20:19:58.91Z'
System info: host: 'JPDONGUT-JW37PV36DC', ip: 'fe80:0:0:0:42d:433c:cf73:d4b%en0', os.name: 'Mac OS X', os.arch: 'x86_64', os.version: '14.3.1', java.version: '1.8.0_411'
Driver info: io.appium.java_client.AppiumDriver
Capabilities {autoAcceptAlerts: true, automationName: XCUITest, browserName: , bundleId: com.daviplatavalid.labvalid, databaseEnabled: false, deviceName: iPhone 12, javascriptEnabled: true, locationContextEnabled: false, networkConnectionEnabled: false, newCommandTimeout: 240, noReset: false, platform: MAC, platformName: MAC, platformVersion: 17.5, showXcodelog: true, skipUnlock: true, takesScreenshot: true, udid: 00008101-000E35003688801E, webStorageEnabled: false}
Session ID: 774518bc-00f5-44e8-b3cf-ef2069c8e6a1</failure><system-err>No se pudo pulsar el btn modificar bolsillo  debido a: Expected condition failed: waiting for element to be clickable: By.xpath: //XCUIElementTypeButton[@name='Modificar'] (tried for 5 second(s) with 500 milliseconds interval)
Build info: version: '3.14.0', revision: 'aacccce0', time: '2018-08-02T20:19:58.91Z'
System info: host: 'JPDONGUT-JW37PV36DC', ip: 'fe80:0:0:0:42d:433c:cf73:d4b%en0', os.name: 'Mac OS X', os.arch: 'x86_64', os.version: '14.3.1', java.version: '1.8.0_411'
Driver info: io.appium.java_client.AppiumDriver
Capabilities {autoAcceptAlerts: true, automationName: XCUITest, browserName: , bundleId: com.daviplatavalid.labvalid, databaseEnabled: false, deviceName: iPhone 12, javascriptEnabled: true, locationContextEnabled: false, networkConnectionEnabled: false, newCommandTimeout: 240, noReset: false, platform: MAC, platformName: MAC, platformVersion: 17.5, showXcodelog: true, skipUnlock: true, takesScreenshot: true, udid: 00008101-000E35003688801E, webStorageEnabled: false}
Session ID: 774518bc-00f5-44e8-b3cf-ef2069c8e6a1
daviplata.nacional.iOS.pageObjects.BolsilloPageObjects.pulsarModificarBolsillo(BolsilloPageObjects.java:635)
daviplata.nacional.iOS.pageObjects.BolsilloPageObjects.pulsarModificarBolsillo(BolsilloPageObjects.java:633)
daviplata.nacional.iOS.pageObjects.BolsilloPageObjects.pulsarModificarBolsillo(BolsilloPageObjects.java:633)
daviplata.nacional.iOS.pageObjects.BolsilloPageObjects.pulsarModificarBolsillo(BolsilloPageObjects.java:633)
daviplata.nacional.iOS.pageObjects.BolsilloPageObjects.pulsarModificarBolsillo(BolsilloPageObjects.java:633)
daviplata.nacional.iOS.steps.PasarPlataSteps.modificarBolsillo(PasarPlataSteps.java:1286)
daviplata.nacional.iOS.definitions.BolsilloDefinitions.flujoDeModificarBolsillos(BolsilloDefinitions.java:86)
cucumber.runner.Runner.runPickle(Runner.java:80)
daviplata.nacional.iOS.runners.RunnerPersonalizado.run(RunnerPersonalizado.java:63)
org.eclipse.jdt.internal.junit4.runner.JUnit4TestReference.run(JUnit4TestReference.java:93)
org.eclipse.jdt.internal.junit.runner.TestExecution.run(TestExecution.java:40)
org.eclipse.jdt.internal.junit.runner.RemoteTestRunner.runTests(RemoteTestRunner.java:529)
org.eclipse.jdt.internal.junit.runner.RemoteTestRunner.runTests(RemoteTestRunner.java:756)
org.eclipse.jdt.internal.junit.runner.RemoteTestRunner.run(RemoteTestRunner.java:452)
org.eclipse.jdt.internal.junit.runner.RemoteTestRunner.main(RemoteTestRunner.java:210)
</system-err></testcase></testsuite>