<?xml version="1.0" encoding="UTF-8"?><testsuite errors="0" failures="1" name="Pruebas en la funcionalidad de perfil negocio de la app Daviplata." skipped="0" tests="1" time="429.1" timestamp="2024-07-31 02:11:20"><testcase name="CP02704M_SYS_Validaciones puntos de ventas y vendedores"><failure message="No se encontró el elemento: //XCUIElementTypeOther[@name='main']/XCUIElementTypeOther[2]/XCUIElementTypeTextField | //XCUIElementTypeTextField[contains(@value, 'Ingrese el nombre')], debido a: Expected condition failed: waiting for visibility of element located by By.xpath: //XCUIElementTypeOther[@name='main']/XCUIElementTypeOther[2]/XCUIElementTypeTextField | //XCUIElementTypeTextField[contains(@value, 'Ingrese el nombre')] (tried for 5 second(s) with 500 milliseconds interval)" type="java.lang.AssertionError">No se encontró el elemento: //XCUIElementTypeOther[@name='main']/XCUIElementTypeOther[2]/XCUIElementTypeTextField | //XCUIElementTypeTextField[contains(@value, 'Ingrese el nombre')], debido a: Expected condition failed: waiting for visibility of element located by By.xpath: //XCUIElementTypeOther[@name='main']/XCUIElementTypeOther[2]/XCUIElementTypeTextField | //XCUIElementTypeTextField[contains(@value, 'Ingrese el nombre')] (tried for 5 second(s) with 500 milliseconds interval)</failure><system-err>No se encontró el elemento: //XCUIElementTypeOther[@name='main']/XCUIElementTypeOther[2]/XCUIElementTypeTextField | //XCUIElementTypeTextField[contains(@value, 'Ingrese el nombre')], debido a: Expected condition failed: waiting for visibility of element located by By.xpath: //XCUIElementTypeOther[@name='main']/XCUIElementTypeOther[2]/XCUIElementTypeTextField | //XCUIElementTypeTextField[contains(@value, 'Ingrese el nombre')] (tried for 5 second(s) with 500 milliseconds interval)
daviplata.nacional.iOS.utilidades.UtilidadesTCS.esperarElementVisibility(UtilidadesTCS.java:401)
daviplata.nacional.iOS.utilidades.UtilidadesTCS.esperarElementVisibility(UtilidadesTCS.java:399)
daviplata.nacional.iOS.utilidades.UtilidadesTCS.esperarElementVisibility(UtilidadesTCS.java:399)
daviplata.nacional.iOS.utilidades.UtilidadesTCS.esperarElementVisibility(UtilidadesTCS.java:399)
daviplata.nacional.iOS.utilidades.UtilidadesTCS.esperarElementVisibility(UtilidadesTCS.java:399)
daviplata.nacional.iOS.steps.negocioSteps.crearVendedor(negocioSteps.java:1171)
daviplata.nacional.iOS.definitions.negocioDefinitions.creoVendedor(negocioDefinitions.java:460)
✽.Creo vendedor "CC""Paola Buitrago""10050064""3221005047"(src/test/resources/features/negocio.feature:450)
</system-err></testcase></testsuite>