<?xml version="1.0" encoding="UTF-8"?><testsuite errors="0" failures="1" name="Pruebas en la funcionalidad de perfil negocio de la app Daviplata." skipped="0" tests="1" time="389.73" timestamp="2024-07-30 03:14:20"><testcase name="CP02703M_SYS_Validar funcionalidad de pasar plata (a otro banco en línea), desde botón de home desde perfil negocio."><failure message="No se encontró el elemento: //XCUIElementTypeStaticText[@name='Lo estamos dirigiendo a su perfil persona'], debido a: Expected condition failed: waiting for visibility of element located by By.xpath: //XCUIElementTypeStaticText[@name='Lo estamos dirigiendo a su perfil persona'] (tried for 5 second(s) with 500 milliseconds interval)" type="java.lang.AssertionError">No se encontró el elemento: //XCUIElementTypeStaticText[@name='Lo estamos dirigiendo a su perfil persona'], debido a: Expected condition failed: waiting for visibility of element located by By.xpath: //XCUIElementTypeStaticText[@name='Lo estamos dirigiendo a su perfil persona'] (tried for 5 second(s) with 500 milliseconds interval)</failure><system-err>No se encontró el elemento: //XCUIElementTypeStaticText[@name='Lo estamos dirigiendo a su perfil persona'], debido a: Expected condition failed: waiting for visibility of element located by By.xpath: //XCUIElementTypeStaticText[@name='Lo estamos dirigiendo a su perfil persona'] (tried for 5 second(s) with 500 milliseconds interval)
daviplata.nacional.iOS.utilidades.UtilidadesTCS.esperarElementVisibility(UtilidadesTCS.java:401)
daviplata.nacional.iOS.utilidades.UtilidadesTCS.esperarElementVisibility(UtilidadesTCS.java:399)
daviplata.nacional.iOS.utilidades.UtilidadesTCS.esperarElementVisibility(UtilidadesTCS.java:399)
daviplata.nacional.iOS.utilidades.UtilidadesTCS.esperarElementVisibility(UtilidadesTCS.java:399)
daviplata.nacional.iOS.utilidades.UtilidadesTCS.esperarElementVisibility(UtilidadesTCS.java:399)
daviplata.nacional.iOS.steps.negocioSteps.flujoPasarPlataAOtroBancoEnLineaPerfilNegocio(negocioSteps.java:1004)
daviplata.nacional.iOS.definitions.negocioDefinitions.flujoPasarPlataYValidarLaTransaccionAOtroBancoEnLinea(negocioDefinitions.java:413)
cucumber.runner.Runner.runPickle(Runner.java:80)
daviplata.nacional.iOS.runners.RunnerPersonalizado.run(RunnerPersonalizado.java:63)
org.eclipse.jdt.internal.junit4.runner.JUnit4TestReference.run(JUnit4TestReference.java:93)
org.eclipse.jdt.internal.junit.runner.TestExecution.run(TestExecution.java:40)
org.eclipse.jdt.internal.junit.runner.RemoteTestRunner.runTests(RemoteTestRunner.java:529)
org.eclipse.jdt.internal.junit.runner.RemoteTestRunner.runTests(RemoteTestRunner.java:756)
org.eclipse.jdt.internal.junit.runner.RemoteTestRunner.run(RemoteTestRunner.java:452)
org.eclipse.jdt.internal.junit.runner.RemoteTestRunner.main(RemoteTestRunner.java:210)
</system-err></testcase></testsuite>