<?xml version="1.0" encoding="UTF-8"?><testsuite errors="0" failures="0" name="Gruopo de casos comprobante QR" skipped="0" tests="3" time="266.89" timestamp="2024-07-22 10:20:42"><testcase name="CP01000M_SYS_Validar que se debe mostrar tanto en el login inicial como de datos recordados el botón “Código QR” en círculo blanco y color rojo"/><testcase name="CP01001M_SYS_Validar que cuando el cliente de click en el botón “Código QR” se debe desplegar a la derecha tres botones"/><testcase name="CP01002M_SYS_Validar en el home el botón Leer código QR"/></testsuite>