<?xml version="1.0" encoding="UTF-8"?><testsuite errors="0" failures="1" name="Pruebas en la funcionalidad de perfil negocio de la app Daviplata." skipped="0" tests="1" time="272.33" timestamp="2024-07-29 09:15:40"><testcase name="CP02697M_SYS_Validar opción compartir QR (QR con valor)."><failure message="No se encontró botón 'Compartir' de QR perfil negocio debido a: Expected condition failed: waiting for element to be clickable: By.xpath: (//XCUIElementTypeOther[@name='Compartir botón'])[3] (tried for 10 second(s) with 500 milliseconds interval)" type="java.lang.AssertionError">No se encontró botón 'Compartir' de QR perfil negocio debido a: Expected condition failed: waiting for element to be clickable: By.xpath: (//XCUIElementTypeOther[@name='Compartir botón'])[3] (tried for 10 second(s) with 500 milliseconds interval)</failure><system-err>No se encontró botón 'Compartir' de QR perfil negocio debido a: Expected condition failed: waiting for element to be clickable: By.xpath: (//XCUIElementTypeOther[@name='Compartir botón'])[3] (tried for 10 second(s) with 500 milliseconds interval)
daviplata.nacional.iOS.pageObjects.negocioPageObjects.clicBtnCompartirQR(negocioPageObjects.java:2779)
daviplata.nacional.iOS.pageObjects.negocioPageObjects.clicBtnCompartirQR(negocioPageObjects.java:2777)
daviplata.nacional.iOS.pageObjects.negocioPageObjects.clicBtnCompartirQR(negocioPageObjects.java:2777)
daviplata.nacional.iOS.pageObjects.negocioPageObjects.clicBtnCompartirQR(negocioPageObjects.java:2777)
daviplata.nacional.iOS.pageObjects.negocioPageObjects.clicBtnCompartirQR(negocioPageObjects.java:2777)
daviplata.nacional.iOS.steps.negocioSteps.validarCompartirQRConValor(negocioSteps.java:904)
daviplata.nacional.iOS.definitions.negocioDefinitions.validarCompartirQRConValor(negocioDefinitions.java:363)
cucumber.runner.Runner.runPickle(Runner.java:80)
daviplata.nacional.iOS.runners.RunnerPersonalizado.run(RunnerPersonalizado.java:63)
org.eclipse.jdt.internal.junit4.runner.JUnit4TestReference.run(JUnit4TestReference.java:93)
org.eclipse.jdt.internal.junit.runner.TestExecution.run(TestExecution.java:40)
org.eclipse.jdt.internal.junit.runner.RemoteTestRunner.runTests(RemoteTestRunner.java:529)
org.eclipse.jdt.internal.junit.runner.RemoteTestRunner.runTests(RemoteTestRunner.java:756)
org.eclipse.jdt.internal.junit.runner.RemoteTestRunner.run(RemoteTestRunner.java:452)
org.eclipse.jdt.internal.junit.runner.RemoteTestRunner.main(RemoteTestRunner.java:210)
</system-err></testcase></testsuite>