<?xml version="1.0" encoding="UTF-8"?><testsuite errors="0" failures="1" name="Pruebas del modulo look and feel" skipped="0" tests="1" time="189.97" timestamp="2024-07-22 12:11:50"><testcase name="CP1281M_SYS_Creación de negocio desde zona privada cliente antiguo sin negocio."><failure message="No pudo interactuar con el elemento: //XCUIElementTypeStaticText[@name='Beneficios Mi Negocio']/following-sibling::XCUIElementTypeOther[2]/XCUIElementTypeOther[1] | (//XCUIElementTypeOther//XCUIElementTypeTextView[contains(@value, 'Acepto términos y condiciones')]/ancestor::XCUIElementTypeOther/preceding-sibling::XCUIElementTypeOther)[2]" type="java.lang.AssertionError">No pudo interactuar con el elemento: //XCUIElementTypeStaticText[@name='Beneficios Mi Negocio']/following-sibling::XCUIElementTypeOther[2]/XCUIElementTypeOther[1] | (//XCUIElementTypeOther//XCUIElementTypeTextView[contains(@value, 'Acepto términos y condiciones')]/ancestor::XCUIElementTypeOther/preceding-sibling::XCUIElementTypeOther)[2]</failure><system-err>No pudo interactuar con el elemento: //XCUIElementTypeStaticText[@name='Beneficios Mi Negocio']/following-sibling::XCUIElementTypeOther[2]/XCUIElementTypeOther[1] | (//XCUIElementTypeOther//XCUIElementTypeTextView[contains(@value, 'Acepto términos y condiciones')]/ancestor::XCUIElementTypeOther/preceding-sibling::XCUIElementTypeOther)[2]
daviplata.nacional.iOS.utilidades.UtilidadesTCS.clicElement(UtilidadesTCS.java:92)
daviplata.nacional.iOS.steps.RegistroMayoresSteps.marcarCheckTerminosYCondiciones(RegistroMayoresSteps.java:654)
daviplata.nacional.iOS.definitions.RegistroDefinitions.marcoCheckDeTerminosYCondiciones(RegistroDefinitions.java:173)
✽.Marco check de terminos y condiciones(src/test/resources/features/LookAndFeel.feature:8)
</system-err></testcase></testsuite>