<?xml version="1.0" encoding="UTF-8"?><testsuite errors="0" failures="1" name="Modulo Meter plata" skipped="0" tests="1" time="308.92" timestamp="2024-10-28 03:10:56"><testcase name="CP020000M_SYS_Validar Botones pantallas y funcionalidades de las opciones meter plata desde cualquier banco y en efectivo"><failure message="No se pudo interactuar con el elemento: //*[@name='Seleccione desde dónde quiere Meter Plata']" type="java.lang.AssertionError">No se pudo interactuar con el elemento: //*[@name='Seleccione desde dónde quiere Meter Plata']</failure><system-err>No se pudo interactuar con el elemento: //*[@name='Seleccione desde dónde quiere Meter Plata']
daviplata.nacional.iOS.utilidades.UtilidadesTCS.validateElementVisibility(UtilidadesTCS.java:319)
daviplata.nacional.iOS.steps.MeterPlataSteps.validarOpcionesDeDonceMeterPlata(MeterPlataSteps.java:59)
daviplata.nacional.iOS.definitions.MeterPlataDefinitions.validoOpcionesDesdeDondeSeRequiereMeterLaPlata(MeterPlataDefinitions.java:58)
✽.Valido opciones desde donde se quiere meter la plata(src/test/resources/features/MeterPlata.feature:11)
</system-err></testcase></testsuite>