<?xml version="1.0" encoding="UTF-8"?><testsuite errors="0" failures="1" name="Pruebas en la funcionalidad de perfil negocio de la app Daviplata." skipped="0" tests="1" time="409.41" timestamp="2024-07-30 02:56:45"><testcase name="CP02702M_SYS_Validar funcionalidad de pasar plata (a otro banco), desde botón de home desde perfil negocio."><failure message="No se encontró botón 'Continuar' en a otros bancos perfil negocio debido a: Expected condition failed: waiting for element to be clickable: By.xpath: //XCUIElementTypeButton[@name='Continuar botón'] (tried for 10 second(s) with 500 milliseconds interval)&#10;Build info: version: '3.14.0', revision: 'aacccce0', time: '2018-08-02T20:19:58.91Z'&#10;System info: host: 'JPDONGUT-JW37PV36DC', ip: 'fe80:0:0:0:1881:8fe9:dda3:b69e%en0', os.name: 'Mac OS X', os.arch: 'x86_64', os.version: '14.3.1', java.version: '1.8.0_411'&#10;Driver info: io.appium.java_client.AppiumDriver&#10;Capabilities {autoAcceptAlerts: true, automationName: XCUITest, browserName: , bundleId: com.daviplatavalid.lab, databaseEnabled: false, deviceName: iPhone 12, javascriptEnabled: true, locationContextEnabled: false, networkConnectionEnabled: false, newCommandTimeout: 240, noReset: false, platform: MAC, platformName: MAC, platformVersion: 17.5, showXcodelog: true, skipUnlock: true, takesScreenshot: true, udid: 00008101-000E35003688801E, webStorageEnabled: false}&#10;Session ID: 95fa07ec-c3dc-4b7d-aa03-7a600973c6da" type="java.lang.AssertionError">No se encontró botón 'Continuar' en a otros bancos perfil negocio debido a: Expected condition failed: waiting for element to be clickable: By.xpath: //XCUIElementTypeButton[@name='Continuar botón'] (tried for 10 second(s) with 500 milliseconds interval)
Build info: version: '3.14.0', revision: 'aacccce0', time: '2018-08-02T20:19:58.91Z'
System info: host: 'JPDONGUT-JW37PV36DC', ip: 'fe80:0:0:0:1881:8fe9:dda3:b69e%en0', os.name: 'Mac OS X', os.arch: 'x86_64', os.version: '14.3.1', java.version: '1.8.0_411'
Driver info: io.appium.java_client.AppiumDriver
Capabilities {autoAcceptAlerts: true, automationName: XCUITest, browserName: , bundleId: com.daviplatavalid.lab, databaseEnabled: false, deviceName: iPhone 12, javascriptEnabled: true, locationContextEnabled: false, networkConnectionEnabled: false, newCommandTimeout: 240, noReset: false, platform: MAC, platformName: MAC, platformVersion: 17.5, showXcodelog: true, skipUnlock: true, takesScreenshot: true, udid: 00008101-000E35003688801E, webStorageEnabled: false}
Session ID: 95fa07ec-c3dc-4b7d-aa03-7a600973c6da</failure><system-err>No se encontró botón 'Continuar' en a otros bancos perfil negocio debido a: Expected condition failed: waiting for element to be clickable: By.xpath: //XCUIElementTypeButton[@name='Continuar botón'] (tried for 10 second(s) with 500 milliseconds interval)
Build info: version: '3.14.0', revision: 'aacccce0', time: '2018-08-02T20:19:58.91Z'
System info: host: 'JPDONGUT-JW37PV36DC', ip: 'fe80:0:0:0:1881:8fe9:dda3:b69e%en0', os.name: 'Mac OS X', os.arch: 'x86_64', os.version: '14.3.1', java.version: '1.8.0_411'
Driver info: io.appium.java_client.AppiumDriver
Capabilities {autoAcceptAlerts: true, automationName: XCUITest, browserName: , bundleId: com.daviplatavalid.lab, databaseEnabled: false, deviceName: iPhone 12, javascriptEnabled: true, locationContextEnabled: false, networkConnectionEnabled: false, newCommandTimeout: 240, noReset: false, platform: MAC, platformName: MAC, platformVersion: 17.5, showXcodelog: true, skipUnlock: true, takesScreenshot: true, udid: 00008101-000E35003688801E, webStorageEnabled: false}
Session ID: 95fa07ec-c3dc-4b7d-aa03-7a600973c6da
daviplata.nacional.iOS.pageObjects.negocioPageObjects.clicBtnContinuar(negocioPageObjects.java:3175)
daviplata.nacional.iOS.pageObjects.negocioPageObjects.clicBtnContinuar(negocioPageObjects.java:3173)
daviplata.nacional.iOS.pageObjects.negocioPageObjects.clicBtnContinuar(negocioPageObjects.java:3173)
daviplata.nacional.iOS.pageObjects.negocioPageObjects.clicBtnContinuar(negocioPageObjects.java:3173)
daviplata.nacional.iOS.pageObjects.negocioPageObjects.clicBtnContinuar(negocioPageObjects.java:3173)
daviplata.nacional.iOS.steps.negocioSteps.flujoPasarPlataAOtrosBancosPerfilNegocio(negocioSteps.java:985)
daviplata.nacional.iOS.definitions.negocioDefinitions.flujoPasarPlataYValidarLaTransaccionAOtrosBancos(negocioDefinitions.java:408)
cucumber.runner.Runner.runPickle(Runner.java:80)
daviplata.nacional.iOS.runners.RunnerPersonalizado.run(RunnerPersonalizado.java:63)
org.eclipse.jdt.internal.junit4.runner.JUnit4TestReference.run(JUnit4TestReference.java:93)
org.eclipse.jdt.internal.junit.runner.TestExecution.run(TestExecution.java:40)
org.eclipse.jdt.internal.junit.runner.RemoteTestRunner.runTests(RemoteTestRunner.java:529)
org.eclipse.jdt.internal.junit.runner.RemoteTestRunner.runTests(RemoteTestRunner.java:756)
org.eclipse.jdt.internal.junit.runner.RemoteTestRunner.run(RemoteTestRunner.java:452)
org.eclipse.jdt.internal.junit.runner.RemoteTestRunner.main(RemoteTestRunner.java:210)
</system-err></testcase></testsuite>