<?xml version="1.0" encoding="UTF-8"?><testsuite errors="0" failures="2" name="casos Excepcion 4x1000" skipped="0" tests="4" time="910.22" timestamp="2024-07-22 11:23:19"><testcase name="CP03300M_SYS_Validar que deje realizar el proceso de Exención de 4x1000"/><testcase name="CP03310M_SYS_Validar que no muestre link si el cliente es No Excento"><failure message="No se pudo seleccionar a opción excepción 4x1000 debido a: Expected condition failed: waiting for element to be clickable: By.xpath: //XCUIElementTypeOther[@name='btn-2'] (tried for 10 second(s) with 500 milliseconds interval)" type="java.lang.AssertionError">No se pudo seleccionar a opción excepción 4x1000 debido a: Expected condition failed: waiting for element to be clickable: By.xpath: //XCUIElementTypeOther[@name='btn-2'] (tried for 10 second(s) with 500 milliseconds interval)</failure><system-err>No se pudo seleccionar a opción excepción 4x1000 debido a: Expected condition failed: waiting for element to be clickable: By.xpath: //XCUIElementTypeOther[@name='btn-2'] (tried for 10 second(s) with 500 milliseconds interval)
daviplata.nacional.iOS.pageObjects.Excepcion4x1000PageObjects.seleccionarOpcionExencion4x1000(Excepcion4x1000PageObjects.java:60)
daviplata.nacional.iOS.pageObjects.Excepcion4x1000PageObjects.seleccionarOpcionExencion4x1000(Excepcion4x1000PageObjects.java:59)
daviplata.nacional.iOS.pageObjects.Excepcion4x1000PageObjects.seleccionarOpcionExencion4x1000(Excepcion4x1000PageObjects.java:59)
daviplata.nacional.iOS.pageObjects.Excepcion4x1000PageObjects.seleccionarOpcionExencion4x1000(Excepcion4x1000PageObjects.java:59)
daviplata.nacional.iOS.pageObjects.Excepcion4x1000PageObjects.seleccionarOpcionExencion4x1000(Excepcion4x1000PageObjects.java:59)
daviplata.nacional.iOS.steps.Excepcion4x1000Steps.seleccionarOpcionExencion4x1000(Excepcion4x1000Steps.java:22)
daviplata.nacional.iOS.definitions.Excepcion4x1000Definitions.seleccionarOpcionExencion4x1000(Excepcion4x1000Definitions.java:46)
✽.selecciono opcion exencion 4x1000(src/test/resources/features/Excepcion4x1000.feature:27)
</system-err></testcase><testcase name="CP03560M_SYS_Validar que no muestre link si el cliente es Excento"/><testcase name="CP03320M_SYS_Validar que si el cliente es no aplica muestre link"><failure message="No se pudo seleccionar a opción excepción 4x1000 debido a: Expected condition failed: waiting for element to be clickable: By.xpath: //XCUIElementTypeOther[@name='btn-2'] (tried for 10 second(s) with 500 milliseconds interval)" type="java.lang.AssertionError">No se pudo seleccionar a opción excepción 4x1000 debido a: Expected condition failed: waiting for element to be clickable: By.xpath: //XCUIElementTypeOther[@name='btn-2'] (tried for 10 second(s) with 500 milliseconds interval)</failure><system-err>No se pudo seleccionar a opción excepción 4x1000 debido a: Expected condition failed: waiting for element to be clickable: By.xpath: //XCUIElementTypeOther[@name='btn-2'] (tried for 10 second(s) with 500 milliseconds interval)
daviplata.nacional.iOS.pageObjects.Excepcion4x1000PageObjects.seleccionarOpcionExencion4x1000(Excepcion4x1000PageObjects.java:60)
daviplata.nacional.iOS.pageObjects.Excepcion4x1000PageObjects.seleccionarOpcionExencion4x1000(Excepcion4x1000PageObjects.java:59)
daviplata.nacional.iOS.pageObjects.Excepcion4x1000PageObjects.seleccionarOpcionExencion4x1000(Excepcion4x1000PageObjects.java:59)
daviplata.nacional.iOS.pageObjects.Excepcion4x1000PageObjects.seleccionarOpcionExencion4x1000(Excepcion4x1000PageObjects.java:59)
daviplata.nacional.iOS.pageObjects.Excepcion4x1000PageObjects.seleccionarOpcionExencion4x1000(Excepcion4x1000PageObjects.java:59)
daviplata.nacional.iOS.steps.Excepcion4x1000Steps.seleccionarOpcionExencion4x1000(Excepcion4x1000Steps.java:22)
daviplata.nacional.iOS.definitions.Excepcion4x1000Definitions.seleccionarOpcionExencion4x1000(Excepcion4x1000Definitions.java:46)
✽.selecciono opcion exencion 4x1000(src/test/resources/features/Excepcion4x1000.feature:56)
</system-err></testcase></testsuite>