<?xml version="1.0" encoding="UTF-8"?><testsuite errors="0" failures="1" name="Agrupación casos de PasarPlata" skipped="0" tests="1" time="493.91" timestamp="2024-07-16 04:55:01"><testcase name="CP0961M_SYS_Validar los topes débito con una transaccion"><failure message="No se pudo dar clic en boton Pasar Plata debido a: An element could not be located on the page using the given search parameters.&#10;For documentation on this error, please visit: http://seleniumhq.org/exceptions/no_such_element.html&#10;Build info: version: '3.14.0', revision: 'aacccce0', time: '2018-08-02T20:19:58.91Z'&#10;System info: host: 'JPDONGUT-JW37PV36DC', ip: 'fe80:0:0:0:1881:8fe9:dda3:b69e%en0', os.name: 'Mac OS X', os.arch: 'x86_64', os.version: '14.3.1', java.version: '1.8.0_411'&#10;Driver info: io.appium.java_client.AppiumDriver&#10;Capabilities {autoAcceptAlerts: true, automationName: XCUITest, browserName: , bundleId: com.daviplatavalid.lab, databaseEnabled: false, deviceName: iPhone 12, javascriptEnabled: true, locationContextEnabled: false, networkConnectionEnabled: false, newCommandTimeout: 240, noReset: false, platform: MAC, platformName: MAC, platformVersion: 17.5, showXcodelog: true, skipUnlock: true, takesScreenshot: true, udid: 00008101-000E35003688801E, webStorageEnabled: false}&#10;Session ID: 3ca462b5-e353-4b36-8839-81f454aeec52&#10;*** Element info: {Using=xpath, value=//XCUIElementTypeButton[@name='Pasar Plata']}" type="java.lang.AssertionError">No se pudo dar clic en boton Pasar Plata debido a: An element could not be located on the page using the given search parameters.
For documentation on this error, please visit: http://seleniumhq.org/exceptions/no_such_element.html
Build info: version: '3.14.0', revision: 'aacccce0', time: '2018-08-02T20:19:58.91Z'
System info: host: 'JPDONGUT-JW37PV36DC', ip: 'fe80:0:0:0:1881:8fe9:dda3:b69e%en0', os.name: 'Mac OS X', os.arch: 'x86_64', os.version: '14.3.1', java.version: '1.8.0_411'
Driver info: io.appium.java_client.AppiumDriver
Capabilities {autoAcceptAlerts: true, automationName: XCUITest, browserName: , bundleId: com.daviplatavalid.lab, databaseEnabled: false, deviceName: iPhone 12, javascriptEnabled: true, locationContextEnabled: false, networkConnectionEnabled: false, newCommandTimeout: 240, noReset: false, platform: MAC, platformName: MAC, platformVersion: 17.5, showXcodelog: true, skipUnlock: true, takesScreenshot: true, udid: 00008101-000E35003688801E, webStorageEnabled: false}
Session ID: 3ca462b5-e353-4b36-8839-81f454aeec52
*** Element info: {Using=xpath, value=//XCUIElementTypeButton[@name='Pasar Plata']}</failure><system-err>No se pudo dar clic en boton Pasar Plata debido a: An element could not be located on the page using the given search parameters.
For documentation on this error, please visit: http://seleniumhq.org/exceptions/no_such_element.html
Build info: version: '3.14.0', revision: 'aacccce0', time: '2018-08-02T20:19:58.91Z'
System info: host: 'JPDONGUT-JW37PV36DC', ip: 'fe80:0:0:0:1881:8fe9:dda3:b69e%en0', os.name: 'Mac OS X', os.arch: 'x86_64', os.version: '14.3.1', java.version: '1.8.0_411'
Driver info: io.appium.java_client.AppiumDriver
Capabilities {autoAcceptAlerts: true, automationName: XCUITest, browserName: , bundleId: com.daviplatavalid.lab, databaseEnabled: false, deviceName: iPhone 12, javascriptEnabled: true, locationContextEnabled: false, networkConnectionEnabled: false, newCommandTimeout: 240, noReset: false, platform: MAC, platformName: MAC, platformVersion: 17.5, showXcodelog: true, skipUnlock: true, takesScreenshot: true, udid: 00008101-000E35003688801E, webStorageEnabled: false}
Session ID: 3ca462b5-e353-4b36-8839-81f454aeec52
*** Element info: {Using=xpath, value=//XCUIElementTypeButton[@name='Pasar Plata']}
daviplata.nacional.iOS.pageObjects.PasarPlataPageObjects.darClickBtnPasarPlata(PasarPlataPageObjects.java:2406)
daviplata.nacional.iOS.pageObjects.PasarPlataPageObjects.darClickBtnPasarPlata(PasarPlataPageObjects.java:2405)
daviplata.nacional.iOS.pageObjects.PasarPlataPageObjects.darClickBtnPasarPlata(PasarPlataPageObjects.java:2405)
daviplata.nacional.iOS.pageObjects.PasarPlataPageObjects.darClickBtnPasarPlata(PasarPlataPageObjects.java:2405)
daviplata.nacional.iOS.pageObjects.PasarPlataPageObjects.darClickBtnPasarPlata(PasarPlataPageObjects.java:2405)
daviplata.nacional.iOS.pageObjects.PasarPlataPageObjects.darClickBtnPasarPlata(PasarPlataPageObjects.java:2405)
daviplata.nacional.iOS.pageObjects.PasarPlataPageObjects.darClickBtnPasarPlata(PasarPlataPageObjects.java:2405)
daviplata.nacional.iOS.pageObjects.PasarPlataPageObjects.darClickBtnPasarPlata(PasarPlataPageObjects.java:2405)
daviplata.nacional.iOS.pageObjects.PasarPlataPageObjects.darClickBtnPasarPlata(PasarPlataPageObjects.java:2405)
daviplata.nacional.iOS.pageObjects.PasarPlataPageObjects.darClickBtnPasarPlata(PasarPlataPageObjects.java:2405)
daviplata.nacional.iOS.pageObjects.PasarPlataPageObjects.darClickBtnPasarPlata(PasarPlataPageObjects.java:2405)
daviplata.nacional.iOS.pageObjects.PasarPlataPageObjects.darClickBtnPasarPlata(PasarPlataPageObjects.java:2405)
daviplata.nacional.iOS.pageObjects.PasarPlataPageObjects.darClickBtnPasarPlata(PasarPlataPageObjects.java:2405)
daviplata.nacional.iOS.pageObjects.PasarPlataPageObjects.darClickBtnPasarPlata(PasarPlataPageObjects.java:2405)
daviplata.nacional.iOS.pageObjects.PasarPlataPageObjects.darClickBtnPasarPlata(PasarPlataPageObjects.java:2405)
daviplata.nacional.iOS.pageObjects.PasarPlataPageObjects.darClickBtnPasarPlata(PasarPlataPageObjects.java:2405)
daviplata.nacional.iOS.pageObjects.PasarPlataPageObjects.darClickBtnPasarPlata(PasarPlataPageObjects.java:2405)
daviplata.nacional.iOS.pageObjects.PasarPlataPageObjects.darClickBtnPasarPlata(PasarPlataPageObjects.java:2405)
daviplata.nacional.iOS.pageObjects.PasarPlataPageObjects.darClickBtnPasarPlata(PasarPlataPageObjects.java:2405)
daviplata.nacional.iOS.pageObjects.PasarPlataPageObjects.darClickBtnPasarPlata(PasarPlataPageObjects.java:2405)
daviplata.nacional.iOS.steps.PasarPlataSteps.pasarPlataAOtroDaviplataTopeDebitos(PasarPlataSteps.java:1956)
daviplata.nacional.iOS.definitions.PasarPlataDefinitions.pasarPlataAOtroDaviplataTopeDebitos(PasarPlataDefinitions.java:845)
✽.Pasar plata a otro Daviplata tope debitos "3221005095"(src/test/resources/features/pasar_plata.feature:40)
</system-err></testcase></testsuite>