<?xml version="1.0" encoding="UTF-8"?><testsuite errors="0" failures="1" name="casos Excepcion 4x1000" skipped="0" tests="1" time="217.34" timestamp="2024-05-14 10:50:28"><testcase name="CP03320M_SYS_Validar que si el cliente es no aplica muestre link"><failure message="No se pudo seleccionar a opción excepción 4x1000 debido a: Expected condition failed: waiting for element to be clickable: By.xpath: //XCUIElementTypeOther[@name='btn-2'] (tried for 10 second(s) with 500 milliseconds interval)" type="java.lang.AssertionError">No se pudo seleccionar a opción excepción 4x1000 debido a: Expected condition failed: waiting for element to be clickable: By.xpath: //XCUIElementTypeOther[@name='btn-2'] (tried for 10 second(s) with 500 milliseconds interval)</failure><system-err>No se pudo seleccionar a opción excepción 4x1000 debido a: Expected condition failed: waiting for element to be clickable: By.xpath: //XCUIElementTypeOther[@name='btn-2'] (tried for 10 second(s) with 500 milliseconds interval)
daviplata.nacional.iOS.pageObjects.Excepcion4x1000PageObjects.seleccionarOpcionExencion4x1000(Excepcion4x1000PageObjects.java:68)
daviplata.nacional.iOS.pageObjects.Excepcion4x1000PageObjects.seleccionarOpcionExencion4x1000(Excepcion4x1000PageObjects.java:67)
daviplata.nacional.iOS.pageObjects.Excepcion4x1000PageObjects.seleccionarOpcionExencion4x1000(Excepcion4x1000PageObjects.java:67)
daviplata.nacional.iOS.pageObjects.Excepcion4x1000PageObjects.seleccionarOpcionExencion4x1000(Excepcion4x1000PageObjects.java:67)
daviplata.nacional.iOS.pageObjects.Excepcion4x1000PageObjects.seleccionarOpcionExencion4x1000(Excepcion4x1000PageObjects.java:67)
daviplata.nacional.iOS.steps.Excepcion4x1000Steps.seleccionarOpcionExencion4x1000(Excepcion4x1000Steps.java:21)
daviplata.nacional.iOS.definitions.Excepcion4x1000Definitions.seleccionarOpcionExencion4x1000(Excepcion4x1000Definitions.java:54)
java.base/jdk.internal.reflect.NativeMethodAccessorImpl.invoke0(Native Method)
java.base/jdk.internal.reflect.NativeMethodAccessorImpl.invoke(NativeMethodAccessorImpl.java:64)
java.base/jdk.internal.reflect.DelegatingMethodAccessorImpl.invoke(DelegatingMethodAccessorImpl.java:43)
cucumber.runner.Runner.runPickle(Runner.java:80)
daviplata.nacional.iOS.runners.RunnerPersonalizado.run(RunnerPersonalizado.java:63)
org.eclipse.jdt.internal.junit4.runner.JUnit4TestReference.run(JUnit4TestReference.java:93)
org.eclipse.jdt.internal.junit.runner.TestExecution.run(TestExecution.java:40)
org.eclipse.jdt.internal.junit.runner.RemoteTestRunner.runTests(RemoteTestRunner.java:529)
org.eclipse.jdt.internal.junit.runner.RemoteTestRunner.runTests(RemoteTestRunner.java:756)
org.eclipse.jdt.internal.junit.runner.RemoteTestRunner.run(RemoteTestRunner.java:452)
org.eclipse.jdt.internal.junit.runner.RemoteTestRunner.main(RemoteTestRunner.java:210)
</system-err></testcase></testsuite>