<?xml version="1.0" encoding="UTF-8"?><testsuite errors="0" failures="1" name="Agrupación casos de PasarPlata" skipped="0" tests="1" time="316.41" timestamp="2024-03-12 12:22:41"><testcase name="CP02365M_SYS_Validar proceso de pasar plata a otro daviplata desde el Home de daviplata cuando el origen tiene tope de creditos"><failure message="No se encontró otp de autorizacion para buscar transacción, debido a: Expected condition failed: waiting for visibility of element located by By.xpath: //*[@name='Número de aprobación']//following-sibling::XCUIElementTypeStaticText (tried for 10 second(s) with 500 milliseconds interval)" type="java.lang.AssertionError">No se encontró otp de autorizacion para buscar transacción, debido a: Expected condition failed: waiting for visibility of element located by By.xpath: //*[@name='Número de aprobación']//following-sibling::XCUIElementTypeStaticText (tried for 10 second(s) with 500 milliseconds interval)</failure><system-err>No se encontró otp de autorizacion para buscar transacción, debido a: Expected condition failed: waiting for visibility of element located by By.xpath: //*[@name='Número de aprobación']//following-sibling::XCUIElementTypeStaticText (tried for 10 second(s) with 500 milliseconds interval)
daviplata.nacional.iOS.pageObjects.PasarPlataPageObjects.txtAutorizador(PasarPlataPageObjects.java:463)
daviplata.nacional.iOS.pageObjects.PasarPlataPageObjects.txtAutorizador(PasarPlataPageObjects.java:461)
daviplata.nacional.iOS.pageObjects.PasarPlataPageObjects.txtAutorizador(PasarPlataPageObjects.java:461)
daviplata.nacional.iOS.pageObjects.PasarPlataPageObjects.txtAutorizador(PasarPlataPageObjects.java:461)
daviplata.nacional.iOS.pageObjects.PasarPlataPageObjects.txtAutorizador(PasarPlataPageObjects.java:461)
daviplata.nacional.iOS.steps.PasarPlataSteps.pasarPlataAOtroDaviplataMonto(PasarPlataSteps.java:1577)
daviplata.nacional.iOS.definitions.PasarPlataDefinitions.pasoPlataAOtroDaviplata(PasarPlataDefinitions.java:853)
cucumber.runner.Runner.runPickle(Runner.java:80)
daviplata.nacional.iOS.runners.RunnerPersonalizado.run(RunnerPersonalizado.java:63)
org.eclipse.jdt.internal.junit4.runner.JUnit4TestReference.run(JUnit4TestReference.java:93)
org.eclipse.jdt.internal.junit.runner.TestExecution.run(TestExecution.java:40)
org.eclipse.jdt.internal.junit.runner.RemoteTestRunner.runTests(RemoteTestRunner.java:529)
org.eclipse.jdt.internal.junit.runner.RemoteTestRunner.runTests(RemoteTestRunner.java:756)
org.eclipse.jdt.internal.junit.runner.RemoteTestRunner.run(RemoteTestRunner.java:452)
org.eclipse.jdt.internal.junit.runner.RemoteTestRunner.main(RemoteTestRunner.java:210)
</system-err></testcase></testsuite>