<?xml version="1.0" encoding="UTF-8"?><testsuite errors="0" failures="1" name="Modulo PSE Avanza" skipped="0" tests="1" time="122.36" timestamp="2024-05-14 11:35:35"><testcase name="CP021000M_SYS_Validar que el campo 1 a qué número quiere meter plata permita pegar la información numérica"><failure message="No se pudo interactuar con el elemento: (//*[@name='main'])[2]/XCUIElementTypeOther[2]/XCUIElementTypeTextField[1]" type="java.lang.AssertionError">No se pudo interactuar con el elemento: (//*[@name='main'])[2]/XCUIElementTypeOther[2]/XCUIElementTypeTextField[1]</failure><system-err>No se pudo interactuar con el elemento: (//*[@name='main'])[2]/XCUIElementTypeOther[2]/XCUIElementTypeTextField[1]
daviplata.nacional.iOS.utilidades.UtilidadesTCS.writeElement(UtilidadesTCS.java:275)
daviplata.nacional.iOS.steps.MeterPlataSteps.ingresarNumCel(MeterPlataSteps.java:180)
daviplata.nacional.iOS.definitions.MeterPlataDefinitions.ingresoNumeroCelular(MeterPlataDefinitions.java:126)
✽.Ingreso Numero celular "3002608449"(src/test/resources/features/PseAvanza.feature:9)
</system-err></testcase></testsuite>