<?xml version="1.0" encoding="UTF-8"?><testsuite errors="0" failures="5" name="Movimientos Funcionales" skipped="0" tests="8" time="1746.21" timestamp="2024-07-08 02:06:52"><testcase name="CP031100M_SYS_Validaciones del header"><failure message="No se encontró el elemento: //XCUIElementTypeStaticText[contains(@name, 'Últimos movimientos')], debido a: Expected condition failed: waiting for visibility of element located by By.xpath: //XCUIElementTypeStaticText[contains(@name, 'Últimos movimientos')] (tried for 5 second(s) with 500 milliseconds interval)" type="java.lang.AssertionError">No se encontró el elemento: //XCUIElementTypeStaticText[contains(@name, 'Últimos movimientos')], debido a: Expected condition failed: waiting for visibility of element located by By.xpath: //XCUIElementTypeStaticText[contains(@name, 'Últimos movimientos')] (tried for 5 second(s) with 500 milliseconds interval)</failure><system-err>No se encontró el elemento: //XCUIElementTypeStaticText[contains(@name, 'Últimos movimientos')], debido a: Expected condition failed: waiting for visibility of element located by By.xpath: //XCUIElementTypeStaticText[contains(@name, 'Últimos movimientos')] (tried for 5 second(s) with 500 milliseconds interval)
daviplata.nacional.iOS.utilidades.UtilidadesTCS.esperarElementVisibility(UtilidadesTCS.java:405)
daviplata.nacional.iOS.utilidades.UtilidadesTCS.esperarElementVisibility(UtilidadesTCS.java:403)
daviplata.nacional.iOS.utilidades.UtilidadesTCS.esperarElementVisibility(UtilidadesTCS.java:403)
daviplata.nacional.iOS.utilidades.UtilidadesTCS.esperarElementVisibility(UtilidadesTCS.java:403)
daviplata.nacional.iOS.utilidades.UtilidadesTCS.esperarElementVisibility(UtilidadesTCS.java:403)
daviplata.nacional.iOS.steps.MovimientoFuncionalSteps.validarEquisEnElDetalleDelSaldo(MovimientoFuncionalSteps.java:44)
daviplata.nacional.iOS.definitions.MovimientoFuncionalDefinitions.validoLaEquisEnElDetalleDeLosSaldos(MovimientoFuncionalDefinitions.java:21)
✽.Valido la equis en el detalle de los saldos(src/test/resources/features/MovimientoFuncional.feature:16)
</system-err></testcase><testcase name="CP031101M_SYS_Validaciones movimientos en pasar plata"/><testcase name="CP031102M_SYS_Validaciones cantidad movimientos"/><testcase name="CP031103M_SYS_Validaciones movimientos por busqueda"><failure message="No se encontró el elemento: //XCUIElementTypeStaticText[@name='Movimientos encontrados'], debido a: Expected condition failed: waiting for visibility of element located by By.xpath: //XCUIElementTypeStaticText[@name='Movimientos encontrados'] (tried for 5 second(s) with 500 milliseconds interval)" type="java.lang.AssertionError">No se encontró el elemento: //XCUIElementTypeStaticText[@name='Movimientos encontrados'], debido a: Expected condition failed: waiting for visibility of element located by By.xpath: //XCUIElementTypeStaticText[@name='Movimientos encontrados'] (tried for 5 second(s) with 500 milliseconds interval)</failure><system-err>No se encontró el elemento: //XCUIElementTypeStaticText[@name='Movimientos encontrados'], debido a: Expected condition failed: waiting for visibility of element located by By.xpath: //XCUIElementTypeStaticText[@name='Movimientos encontrados'] (tried for 5 second(s) with 500 milliseconds interval)
daviplata.nacional.iOS.utilidades.UtilidadesTCS.esperarElementVisibility(UtilidadesTCS.java:405)
daviplata.nacional.iOS.utilidades.UtilidadesTCS.esperarElementVisibility(UtilidadesTCS.java:403)
daviplata.nacional.iOS.utilidades.UtilidadesTCS.esperarElementVisibility(UtilidadesTCS.java:403)
daviplata.nacional.iOS.utilidades.UtilidadesTCS.esperarElementVisibility(UtilidadesTCS.java:403)
daviplata.nacional.iOS.utilidades.UtilidadesTCS.esperarElementVisibility(UtilidadesTCS.java:403)
daviplata.nacional.iOS.steps.MovimientoFuncionalSteps.hacerBusquedaMovientosPorNumeroCelular(MovimientoFuncionalSteps.java:310)
daviplata.nacional.iOS.definitions.MovimientoFuncionalDefinitions.filtroLaBusquedaPorNumeroCelular(MovimientoFuncionalDefinitions.java:104)
✽.Filtro la busqueda por numero celular "3221005049"(src/test/resources/features/MovimientoFuncional.feature:64)
</system-err></testcase><testcase name="CP031104M_SYS_Validaciones de extractos en modulo movimientos"><failure message="&#10;Expected: is &lt;true&gt;&#10;     but: was &lt;false&gt;" type="java.lang.AssertionError">
Expected: is &lt;true&gt;
     but: was &lt;false&gt;</failure><system-err>
Expected: is &lt;true&gt;
     but: was &lt;false&gt;
daviplata.nacional.iOS.utilidades.UtilidadesTCS.validateStatusElement(UtilidadesTCS.java:469)
daviplata.nacional.iOS.steps.MovimientoFuncionalSteps.ValidoBotonDescargarHabilitadoAlEscogerExtracto(MovimientoFuncionalSteps.java:429)
daviplata.nacional.iOS.definitions.MovimientoFuncionalDefinitions.validoBotonDescargarHabilitadoAlEscogerExtracto(MovimientoFuncionalDefinitions.java:149)
✽.Valido boton descargar habilitado al escoger extracto(src/test/resources/features/MovimientoFuncional.feature:87)
</system-err></testcase><testcase name="CP0311005M_SYS_Validaciones movimientos en pasar plata del dia actual y anterior"/><testcase name="CP0311006M_SYS_Validaciones movimientos cuando no tiene movimientos"><failure message="El usuario si cuenta con movimientos" type="java.lang.AssertionError">El usuario si cuenta con movimientos</failure><system-err>El usuario si cuenta con movimientos
daviplata.nacional.iOS.steps.PasarPlataSteps.validarNoMovimientos(PasarPlataSteps.java:2244)
daviplata.nacional.iOS.definitions.PasarPlataDefinitions.validarAunNoTieneMovimientosHome(PasarPlataDefinitions.java:976)
✽.Validar aun no tiene movimientos home(src/test/resources/features/MovimientoFuncional.feature:112)
</system-err></testcase><testcase name="CP031107M_SYS_Validaciones movimientos cuando opcion buscar nombre, celular o cuenta"><failure message="No se encontró el elemento: //XCUIElementTypeStaticText[contains(@label, 'Ver todos')], debido a: Expected condition failed: waiting for visibility of element located by By.xpath: //XCUIElementTypeStaticText[contains(@label, 'Ver todos')] (tried for 5 second(s) with 500 milliseconds interval)" type="java.lang.AssertionError">No se encontró el elemento: //XCUIElementTypeStaticText[contains(@label, 'Ver todos')], debido a: Expected condition failed: waiting for visibility of element located by By.xpath: //XCUIElementTypeStaticText[contains(@label, 'Ver todos')] (tried for 5 second(s) with 500 milliseconds interval)</failure><system-err>No se encontró el elemento: //XCUIElementTypeStaticText[contains(@label, 'Ver todos')], debido a: Expected condition failed: waiting for visibility of element located by By.xpath: //XCUIElementTypeStaticText[contains(@label, 'Ver todos')] (tried for 5 second(s) with 500 milliseconds interval)
daviplata.nacional.iOS.utilidades.UtilidadesTCS.esperarElementVisibility(UtilidadesTCS.java:405)
daviplata.nacional.iOS.utilidades.UtilidadesTCS.esperarElementVisibility(UtilidadesTCS.java:403)
daviplata.nacional.iOS.utilidades.UtilidadesTCS.esperarElementVisibility(UtilidadesTCS.java:403)
daviplata.nacional.iOS.utilidades.UtilidadesTCS.esperarElementVisibility(UtilidadesTCS.java:403)
daviplata.nacional.iOS.utilidades.UtilidadesTCS.esperarElementVisibility(UtilidadesTCS.java:403)
daviplata.nacional.iOS.steps.MovimientoFuncionalSteps.entrarAlModuloMovimientos(MovimientoFuncionalSteps.java:74)
daviplata.nacional.iOS.definitions.MovimientoFuncionalDefinitions.entroAlModuloDeMovimientos(MovimientoFuncionalDefinitions.java:31)
✽.Entro al modulo de movimientos(src/test/resources/features/MovimientoFuncional.feature:133)
</system-err></testcase></testsuite>