<?xml version="1.0" encoding="UTF-8"?><testsuite errors="1" failures="0" name="Modulo Olvido Clave" skipped="0" tests="1" time="109.43" timestamp="2024-03-22 11:37:46"><testcase name="CP03380M_SYS_Validar proceso de olvido de clave para tipo documental CC ingresando correo erroneo"><error message="An element could not be located on the page using the given search parameters.&#10;For documentation on this error, please visit: http://seleniumhq.org/exceptions/no_such_element.html&#10;Build info: version: '3.14.0', revision: 'aacccce0', time: '2018-08-02T20:19:58.91Z'&#10;System info: host: 'MacBook-Pro-de-User-3.local', ip: 'fe80:0:0:0:49:cda1:4b77:93b7%en0', os.name: 'Mac OS X', os.arch: 'aarch64', os.version: '13.1', java.version: '1.8.0_401'&#10;Driver info: io.appium.java_client.AppiumDriver&#10;Capabilities {autoAcceptAlerts: true, automationName: XCUITest, browserName: , bundleId: com.daviplatavalid.lab, databaseEnabled: false, deviceName: iPhone 14, javascriptEnabled: true, locationContextEnabled: false, networkConnectionEnabled: false, newCommandTimeout: 240, noReset: false, platform: MAC, platformName: MAC, platformVersion: 16.4, showXcodelog: true, skipUnlock: true, takesScreenshot: true, udid: 00008120-001A09993E60201E, webStorageEnabled: false}&#10;Session ID: ca650e28-75c5-42b4-8b78-755de739b3e3&#10;*** Element info: {Using=xpath, value=//XCUIElementTypeSecureTextField[1]}&#10;For documentation on this error, please visit: http://seleniumhq.org/exceptions/no_such_element.html&#10;Build info: version: '3.14.0', revision: 'aacccce0', time: '2018-08-02T20:19:58.91Z'&#10;System info: host: 'MacBook-Pro-de-User-3.local', ip: 'fe80:0:0:0:49:cda1:4b77:93b7%en0', os.name: 'Mac OS X', os.arch: 'aarch64', os.version: '13.1', java.version: '1.8.0_401'&#10;Driver info: driver.version: AppiumDriver" type="org.openqa.selenium.NoSuchElementException">An element could not be located on the page using the given search parameters.
For documentation on this error, please visit: http://seleniumhq.org/exceptions/no_such_element.html
Build info: version: '3.14.0', revision: 'aacccce0', time: '2018-08-02T20:19:58.91Z'
System info: host: 'MacBook-Pro-de-User-3.local', ip: 'fe80:0:0:0:49:cda1:4b77:93b7%en0', os.name: 'Mac OS X', os.arch: 'aarch64', os.version: '13.1', java.version: '1.8.0_401'
Driver info: io.appium.java_client.AppiumDriver
Capabilities {autoAcceptAlerts: true, automationName: XCUITest, browserName: , bundleId: com.daviplatavalid.lab, databaseEnabled: false, deviceName: iPhone 14, javascriptEnabled: true, locationContextEnabled: false, networkConnectionEnabled: false, newCommandTimeout: 240, noReset: false, platform: MAC, platformName: MAC, platformVersion: 16.4, showXcodelog: true, skipUnlock: true, takesScreenshot: true, udid: 00008120-001A09993E60201E, webStorageEnabled: false}
Session ID: ca650e28-75c5-42b4-8b78-755de739b3e3
*** Element info: {Using=xpath, value=//XCUIElementTypeSecureTextField[1]}
For documentation on this error, please visit: http://seleniumhq.org/exceptions/no_such_element.html
Build info: version: '3.14.0', revision: 'aacccce0', time: '2018-08-02T20:19:58.91Z'
System info: host: 'MacBook-Pro-de-User-3.local', ip: 'fe80:0:0:0:49:cda1:4b77:93b7%en0', os.name: 'Mac OS X', os.arch: 'aarch64', os.version: '13.1', java.version: '1.8.0_401'
Driver info: driver.version: AppiumDriver</error><system-err>An element could not be located on the page using the given search parameters.
For documentation on this error, please visit: http://seleniumhq.org/exceptions/no_such_element.html
Build info: version: '3.14.0', revision: 'aacccce0', time: '2018-08-02T20:19:58.91Z'
System info: host: 'MacBook-Pro-de-User-3.local', ip: 'fe80:0:0:0:49:cda1:4b77:93b7%en0', os.name: 'Mac OS X', os.arch: 'aarch64', os.version: '13.1', java.version: '1.8.0_401'
Driver info: io.appium.java_client.AppiumDriver
Capabilities {autoAcceptAlerts: true, automationName: XCUITest, browserName: , bundleId: com.daviplatavalid.lab, databaseEnabled: false, deviceName: iPhone 14, javascriptEnabled: true, locationContextEnabled: false, networkConnectionEnabled: false, newCommandTimeout: 240, noReset: false, platform: MAC, platformName: MAC, platformVersion: 16.4, showXcodelog: true, skipUnlock: true, takesScreenshot: true, udid: 00008120-001A09993E60201E, webStorageEnabled: false}
Session ID: ca650e28-75c5-42b4-8b78-755de739b3e3
*** Element info: {Using=xpath, value=//XCUIElementTypeSecureTextField[1]}
For documentation on this error, please visit: http://seleniumhq.org/exceptions/no_such_element.html
Build info: version: '3.14.0', revision: 'aacccce0', time: '2018-08-02T20:19:58.91Z'
System info: host: 'MacBook-Pro-de-User-3.local', ip: 'fe80:0:0:0:49:cda1:4b77:93b7%en0', os.name: 'Mac OS X', os.arch: 'aarch64', os.version: '13.1', java.version: '1.8.0_401'
Driver info: driver.version: AppiumDriver
io.appium.java_client.remote.AppiumCommandExecutor.execute(AppiumCommandExecutor.java:231)
io.appium.java_client.DefaultGenericMobileDriver.execute(DefaultGenericMobileDriver.java:42)
io.appium.java_client.AppiumDriver.execute(AppiumDriver.java:1)
io.appium.java_client.DefaultGenericMobileDriver.findElement(DefaultGenericMobileDriver.java:62)
io.appium.java_client.AppiumDriver.findElement(AppiumDriver.java:1)
io.appium.java_client.DefaultGenericMobileDriver.findElementByXPath(DefaultGenericMobileDriver.java:152)
io.appium.java_client.AppiumDriver.findElementByXPath(AppiumDriver.java:1)
io.appium.java_client.DefaultGenericMobileDriver.findElement(DefaultGenericMobileDriver.java:58)
io.appium.java_client.AppiumDriver.findElement(AppiumDriver.java:1)
daviplata.nacional.iOS.pageObjects.LoginPageObjects.ingresarContrasena(LoginPageObjects.java:706)
daviplata.nacional.iOS.steps.LoginSteps.ingresarAApp(LoginSteps.java:154)
daviplata.nacional.iOS.definitions.LoginDefinitions.ingresoUsuarioYContrasena(LoginDefinitions.java:47)
✽.ingreso usuario y contrasena "CC" "10050040" "0225"(src/test/resources/features/olvidoClave.feature:32)
</system-err></testcase></testsuite>