<?xml version="1.0" encoding="UTF-8"?><testsuite errors="0" failures="3" name="casos cambio de dispositivo" skipped="0" tests="4" time="225.53" timestamp="2024-07-05 11:21:44"><testcase name="CP03800M_SYS_Validar proceso de cambio de dispositivo con contraseña válida"/><testcase name="CP03210M_SYS_validar proceso de cambio de dispositivo con contrasena no valida"><failure message="No se pudo interactuar con el elemento: //XCUIElementTypeTextView[contains(@value,'Para ingresar a su DaviPlata')]" type="java.lang.AssertionError">No se pudo interactuar con el elemento: //XCUIElementTypeTextView[contains(@value,'Para ingresar a su DaviPlata')]</failure><system-err>No se pudo interactuar con el elemento: //XCUIElementTypeTextView[contains(@value,'Para ingresar a su DaviPlata')]
daviplata.nacional.iOS.utilidades.UtilidadesTCS.validateElementVisibility(UtilidadesTCS.java:305)
daviplata.nacional.iOS.steps.CambioDispositivoSteps.realizarCambioDispositivoClaveIncorrecta(CambioDispositivoSteps.java:112)
daviplata.nacional.iOS.definitions.CambioDispositivoDefinitions.relizoCambioDeDispositivoConClaveIncorrecta(CambioDispositivoDefinitions.java:26)
cucumber.runner.Runner.runPickle(Runner.java:80)
daviplata.nacional.iOS.runners.RunnerPersonalizado.run(RunnerPersonalizado.java:63)
org.eclipse.jdt.internal.junit4.runner.JUnit4TestReference.run(JUnit4TestReference.java:93)
org.eclipse.jdt.internal.junit.runner.TestExecution.run(TestExecution.java:40)
org.eclipse.jdt.internal.junit.runner.RemoteTestRunner.runTests(RemoteTestRunner.java:529)
org.eclipse.jdt.internal.junit.runner.RemoteTestRunner.runTests(RemoteTestRunner.java:756)
org.eclipse.jdt.internal.junit.runner.RemoteTestRunner.run(RemoteTestRunner.java:452)
org.eclipse.jdt.internal.junit.runner.RemoteTestRunner.main(RemoteTestRunner.java:210)
</system-err></testcase><testcase name="CP03220M_SYS_validar proceso de cambio de dispositivo con otp invalida"><failure message="No se pudo interactuar con el elemento: //XCUIElementTypeTextView[contains(@value,'Para ingresar a su DaviPlata')]" type="java.lang.AssertionError">No se pudo interactuar con el elemento: //XCUIElementTypeTextView[contains(@value,'Para ingresar a su DaviPlata')]</failure><system-err>No se pudo interactuar con el elemento: //XCUIElementTypeTextView[contains(@value,'Para ingresar a su DaviPlata')]
daviplata.nacional.iOS.utilidades.UtilidadesTCS.validateElementVisibility(UtilidadesTCS.java:305)
daviplata.nacional.iOS.steps.CambioDispositivoSteps.realizarCambioDispositivoClaveIncorrecta(CambioDispositivoSteps.java:112)
daviplata.nacional.iOS.definitions.CambioDispositivoDefinitions.relizoCambioDeDispositivoConClaveIncorrecta(CambioDispositivoDefinitions.java:26)
cucumber.runner.Runner.runPickle(Runner.java:80)
daviplata.nacional.iOS.runners.RunnerPersonalizado.run(RunnerPersonalizado.java:63)
org.eclipse.jdt.internal.junit4.runner.JUnit4TestReference.run(JUnit4TestReference.java:93)
org.eclipse.jdt.internal.junit.runner.TestExecution.run(TestExecution.java:40)
org.eclipse.jdt.internal.junit.runner.RemoteTestRunner.runTests(RemoteTestRunner.java:529)
org.eclipse.jdt.internal.junit.runner.RemoteTestRunner.runTests(RemoteTestRunner.java:756)
org.eclipse.jdt.internal.junit.runner.RemoteTestRunner.run(RemoteTestRunner.java:452)
org.eclipse.jdt.internal.junit.runner.RemoteTestRunner.main(RemoteTestRunner.java:210)
</system-err></testcase><testcase name="CP03221M_SYS_Validar proceso de cambio de dispositivo con otp valida"><failure message="No se pudo interactuar con el elemento: //XCUIElementTypeTextView[contains(@value,'Para ingresar a su DaviPlata')]" type="java.lang.AssertionError">No se pudo interactuar con el elemento: //XCUIElementTypeTextView[contains(@value,'Para ingresar a su DaviPlata')]</failure><system-err>No se pudo interactuar con el elemento: //XCUIElementTypeTextView[contains(@value,'Para ingresar a su DaviPlata')]
daviplata.nacional.iOS.utilidades.UtilidadesTCS.validateElementVisibility(UtilidadesTCS.java:305)
daviplata.nacional.iOS.steps.CambioDispositivoSteps.realizarCambioDispositivo(CambioDispositivoSteps.java:37)
daviplata.nacional.iOS.definitions.CambioDispositivoDefinitions.relizoCambioDeDispositivo(CambioDispositivoDefinitions.java:21)
cucumber.runner.Runner.runPickle(Runner.java:80)
daviplata.nacional.iOS.runners.RunnerPersonalizado.run(RunnerPersonalizado.java:63)
org.eclipse.jdt.internal.junit4.runner.JUnit4TestReference.run(JUnit4TestReference.java:93)
org.eclipse.jdt.internal.junit.runner.TestExecution.run(TestExecution.java:40)
org.eclipse.jdt.internal.junit.runner.RemoteTestRunner.runTests(RemoteTestRunner.java:529)
org.eclipse.jdt.internal.junit.runner.RemoteTestRunner.runTests(RemoteTestRunner.java:756)
org.eclipse.jdt.internal.junit.runner.RemoteTestRunner.run(RemoteTestRunner.java:452)
org.eclipse.jdt.internal.junit.runner.RemoteTestRunner.main(RemoteTestRunner.java:210)
</system-err></testcase></testsuite>