<?xml version="1.0" encoding="UTF-8"?><testsuite errors="0" failures="1" name="Set PruebasMarketplace" skipped="0" tests="1" time="2581.81" timestamp="2024-07-22 05:27:59"><testcase name="CP1386M_SYS_Validar proceso de compra de tienda virtual de cines con usuarios GMF"><failure message="No pude ingresar a Cines debido a: Expected condition failed: waiting for element to be clickable: By.xpath: //*[contains(@text,'Cines')] (tried for 10 second(s) with 500 milliseconds interval)" type="java.lang.AssertionError">No pude ingresar a Cines debido a: Expected condition failed: waiting for element to be clickable: By.xpath: //*[contains(@text,'Cines')] (tried for 10 second(s) with 500 milliseconds interval)</failure><system-err>No pude ingresar a Cines debido a: Expected condition failed: waiting for element to be clickable: By.xpath: //*[contains(@text,'Cines')] (tried for 10 second(s) with 500 milliseconds interval)
daviplata.nacional.iOS.pageObjects.MarketPlacePageObjects.darClickBtn(MarketPlacePageObjects.java:2105)
daviplata.nacional.iOS.pageObjects.MarketPlacePageObjects.darClickBtn(MarketPlacePageObjects.java:2103)
daviplata.nacional.iOS.pageObjects.MarketPlacePageObjects.darClickBtn(MarketPlacePageObjects.java:2103)
daviplata.nacional.iOS.pageObjects.MarketPlacePageObjects.darClickBtn(MarketPlacePageObjects.java:2103)
daviplata.nacional.iOS.pageObjects.MarketPlacePageObjects.darClickBtn(MarketPlacePageObjects.java:2103)
daviplata.nacional.iOS.pageObjects.MarketPlacePageObjects.darClickBtn(MarketPlacePageObjects.java:2103)
daviplata.nacional.iOS.pageObjects.MarketPlacePageObjects.darClickBtn(MarketPlacePageObjects.java:2103)
daviplata.nacional.iOS.pageObjects.MarketPlacePageObjects.darClickBtn(MarketPlacePageObjects.java:2103)
daviplata.nacional.iOS.pageObjects.MarketPlacePageObjects.darClickBtn(MarketPlacePageObjects.java:2103)
daviplata.nacional.iOS.pageObjects.MarketPlacePageObjects.darClickBtn(MarketPlacePageObjects.java:2103)
daviplata.nacional.iOS.pageObjects.MarketPlacePageObjects.darClickBtn(MarketPlacePageObjects.java:2103)
daviplata.nacional.iOS.pageObjects.MarketPlacePageObjects.darClickBtn(MarketPlacePageObjects.java:2103)
daviplata.nacional.iOS.pageObjects.MarketPlacePageObjects.darClickBtn(MarketPlacePageObjects.java:2103)
daviplata.nacional.iOS.pageObjects.MarketPlacePageObjects.darClickBtn(MarketPlacePageObjects.java:2103)
daviplata.nacional.iOS.pageObjects.MarketPlacePageObjects.darClickBtn(MarketPlacePageObjects.java:2103)
daviplata.nacional.iOS.pageObjects.MarketPlacePageObjects.darClickBtn(MarketPlacePageObjects.java:2103)
daviplata.nacional.iOS.pageObjects.MarketPlacePageObjects.darClickBtn(MarketPlacePageObjects.java:2103)
daviplata.nacional.iOS.pageObjects.MarketPlacePageObjects.darClickBtn(MarketPlacePageObjects.java:2103)
daviplata.nacional.iOS.pageObjects.MarketPlacePageObjects.darClickBtn(MarketPlacePageObjects.java:2103)
daviplata.nacional.iOS.pageObjects.MarketPlacePageObjects.darClickBtn(MarketPlacePageObjects.java:2103)
daviplata.nacional.iOS.steps.MarketPlaceSteps.darClickBtn(MarketPlaceSteps.java:953)
daviplata.nacional.iOS.definitions.MarketPlaceDefinitions.darClickBtn(MarketPlaceDefinitions.java:318)
cucumber.runner.Runner.runPickle(Runner.java:80)
daviplata.nacional.iOS.runners.RunnerPersonalizado.run(RunnerPersonalizado.java:63)
org.eclipse.jdt.internal.junit4.runner.JUnit4TestReference.run(JUnit4TestReference.java:93)
org.eclipse.jdt.internal.junit.runner.TestExecution.run(TestExecution.java:40)
org.eclipse.jdt.internal.junit.runner.RemoteTestRunner.runTests(RemoteTestRunner.java:529)
org.eclipse.jdt.internal.junit.runner.RemoteTestRunner.runTests(RemoteTestRunner.java:756)
org.eclipse.jdt.internal.junit.runner.RemoteTestRunner.run(RemoteTestRunner.java:452)
org.eclipse.jdt.internal.junit.runner.RemoteTestRunner.main(RemoteTestRunner.java:210)
</system-err></testcase></testsuite>