<?xml version="1.0" encoding="UTF-8"?><testsuite errors="0" failures="2" name="Pruebas en la funcionalidad de perfil negocio de la app Daviplata." skipped="0" tests="6" time="1796.25" timestamp="2024-07-26 01:43:33"><testcase name="CP02673M_SYS_Validar funcionalidad de pasar plata desde botón &quot;usar plata&quot; de menú hamburguesa desde perfil negocio."/><testcase name="CP02674M_SYS_Validar funcionalidad de sacar plata desde botón &quot;usar plata&quot; de menú hamburguesa desde perfil negocio."/><testcase name="CP02675M_SYS_Validar botón menú hamburguesa desde perfil negocio (mas servicio)."/><testcase name="CP02677M_SYS_Validar opción actualización de datos desde botón &quot;mas servicios&quot; de menú hamburguesa desde perfil negocio."/><testcase name="CP02679M_SYS_Validar actualización de Datos desde perfil negocio (Actualizar nombre negocio)."><failure message="No se encontró mensaje de actualización del nombre de negocio debido a: Expected condition failed: waiting for element to be clickable: By.xpath: (//XCUIElementTypeStaticText[@name='Actualización exitosa']) (tried for 10 second(s) with 500 milliseconds interval)&#10;Build info: version: '3.14.0', revision: 'aacccce0', time: '2018-08-02T20:19:58.91Z'&#10;System info: host: 'JPDONGUT-JW37PV36DC', ip: 'fe80:0:0:0:1881:8fe9:dda3:b69e%en0', os.name: 'Mac OS X', os.arch: 'x86_64', os.version: '14.3.1', java.version: '1.8.0_411'&#10;Driver info: io.appium.java_client.AppiumDriver&#10;Capabilities {autoAcceptAlerts: true, automationName: XCUITest, browserName: , bundleId: com.daviplatavalid.lab, databaseEnabled: false, deviceName: iPhone 12, javascriptEnabled: true, locationContextEnabled: false, networkConnectionEnabled: false, newCommandTimeout: 240, noReset: false, platform: MAC, platformName: MAC, platformVersion: 17.5, showXcodelog: true, skipUnlock: true, takesScreenshot: true, udid: 00008101-000E35003688801E, webStorageEnabled: false}&#10;Session ID: 7edb1a1e-8911-4275-aea2-57e10df888f3" type="java.lang.AssertionError">No se encontró mensaje de actualización del nombre de negocio debido a: Expected condition failed: waiting for element to be clickable: By.xpath: (//XCUIElementTypeStaticText[@name='Actualización exitosa']) (tried for 10 second(s) with 500 milliseconds interval)
Build info: version: '3.14.0', revision: 'aacccce0', time: '2018-08-02T20:19:58.91Z'
System info: host: 'JPDONGUT-JW37PV36DC', ip: 'fe80:0:0:0:1881:8fe9:dda3:b69e%en0', os.name: 'Mac OS X', os.arch: 'x86_64', os.version: '14.3.1', java.version: '1.8.0_411'
Driver info: io.appium.java_client.AppiumDriver
Capabilities {autoAcceptAlerts: true, automationName: XCUITest, browserName: , bundleId: com.daviplatavalid.lab, databaseEnabled: false, deviceName: iPhone 12, javascriptEnabled: true, locationContextEnabled: false, networkConnectionEnabled: false, newCommandTimeout: 240, noReset: false, platform: MAC, platformName: MAC, platformVersion: 17.5, showXcodelog: true, skipUnlock: true, takesScreenshot: true, udid: 00008101-000E35003688801E, webStorageEnabled: false}
Session ID: 7edb1a1e-8911-4275-aea2-57e10df888f3</failure><system-err>No se encontró mensaje de actualización del nombre de negocio debido a: Expected condition failed: waiting for element to be clickable: By.xpath: (//XCUIElementTypeStaticText[@name='Actualización exitosa']) (tried for 10 second(s) with 500 milliseconds interval)
Build info: version: '3.14.0', revision: 'aacccce0', time: '2018-08-02T20:19:58.91Z'
System info: host: 'JPDONGUT-JW37PV36DC', ip: 'fe80:0:0:0:1881:8fe9:dda3:b69e%en0', os.name: 'Mac OS X', os.arch: 'x86_64', os.version: '14.3.1', java.version: '1.8.0_411'
Driver info: io.appium.java_client.AppiumDriver
Capabilities {autoAcceptAlerts: true, automationName: XCUITest, browserName: , bundleId: com.daviplatavalid.lab, databaseEnabled: false, deviceName: iPhone 12, javascriptEnabled: true, locationContextEnabled: false, networkConnectionEnabled: false, newCommandTimeout: 240, noReset: false, platform: MAC, platformName: MAC, platformVersion: 17.5, showXcodelog: true, skipUnlock: true, takesScreenshot: true, udid: 00008101-000E35003688801E, webStorageEnabled: false}
Session ID: 7edb1a1e-8911-4275-aea2-57e10df888f3
daviplata.nacional.iOS.pageObjects.negocioPageObjects.validarMensajeActualizacionPerfilNegocio(negocioPageObjects.java:1634)
daviplata.nacional.iOS.pageObjects.negocioPageObjects.validarMensajeActualizacionPerfilNegocio(negocioPageObjects.java:1632)
daviplata.nacional.iOS.pageObjects.negocioPageObjects.validarMensajeActualizacionPerfilNegocio(negocioPageObjects.java:1632)
daviplata.nacional.iOS.pageObjects.negocioPageObjects.validarMensajeActualizacionPerfilNegocio(negocioPageObjects.java:1632)
daviplata.nacional.iOS.pageObjects.negocioPageObjects.validarMensajeActualizacionPerfilNegocio(negocioPageObjects.java:1632)
daviplata.nacional.iOS.steps.negocioSteps.validarActualizacionDatosPerfilNegocio(negocioSteps.java:526)
daviplata.nacional.iOS.definitions.negocioDefinitions.validarActualizacionDatos(negocioDefinitions.java:233)
cucumber.runner.Runner.runPickle(Runner.java:80)
daviplata.nacional.iOS.runners.RunnerPersonalizado.run(RunnerPersonalizado.java:63)
org.eclipse.jdt.internal.junit4.runner.JUnit4TestReference.run(JUnit4TestReference.java:93)
org.eclipse.jdt.internal.junit.runner.TestExecution.run(TestExecution.java:40)
org.eclipse.jdt.internal.junit.runner.RemoteTestRunner.runTests(RemoteTestRunner.java:529)
org.eclipse.jdt.internal.junit.runner.RemoteTestRunner.runTests(RemoteTestRunner.java:756)
org.eclipse.jdt.internal.junit.runner.RemoteTestRunner.run(RemoteTestRunner.java:452)
org.eclipse.jdt.internal.junit.runner.RemoteTestRunner.main(RemoteTestRunner.java:210)
</system-err></testcase><testcase name="CP02680M_SYS_Validar actualización de Datos desde perfil negocio (Actualizar dirección del negocio)."><failure message="No se encontró desplegable tipo via dirección de perfil negocio debido a: Expected condition failed: waiting for element to be clickable: By.xpath: //XCUIElementTypeOther[@name='Dirección del negocio'] (tried for 10 second(s) with 500 milliseconds interval)" type="java.lang.AssertionError">No se encontró desplegable tipo via dirección de perfil negocio debido a: Expected condition failed: waiting for element to be clickable: By.xpath: //XCUIElementTypeOther[@name='Dirección del negocio'] (tried for 10 second(s) with 500 milliseconds interval)</failure><system-err>No se encontró desplegable tipo via dirección de perfil negocio debido a: Expected condition failed: waiting for element to be clickable: By.xpath: //XCUIElementTypeOther[@name='Dirección del negocio'] (tried for 10 second(s) with 500 milliseconds interval)
daviplata.nacional.iOS.pageObjects.negocioPageObjects.clicTipoViaDireccionPerfilNegocio(negocioPageObjects.java:1504)
daviplata.nacional.iOS.pageObjects.negocioPageObjects.clicTipoViaDireccionPerfilNegocio(negocioPageObjects.java:1502)
daviplata.nacional.iOS.pageObjects.negocioPageObjects.clicTipoViaDireccionPerfilNegocio(negocioPageObjects.java:1502)
daviplata.nacional.iOS.pageObjects.negocioPageObjects.clicTipoViaDireccionPerfilNegocio(negocioPageObjects.java:1502)
daviplata.nacional.iOS.pageObjects.negocioPageObjects.clicTipoViaDireccionPerfilNegocio(negocioPageObjects.java:1502)
daviplata.nacional.iOS.steps.negocioSteps.actualizarDireccionPerfilNegocio(negocioSteps.java:514)
daviplata.nacional.iOS.definitions.negocioDefinitions.actualizarDireccionNegocio(negocioDefinitions.java:217)
cucumber.runner.Runner.runPickle(Runner.java:80)
daviplata.nacional.iOS.runners.RunnerPersonalizado.run(RunnerPersonalizado.java:63)
org.eclipse.jdt.internal.junit4.runner.JUnit4TestReference.run(JUnit4TestReference.java:93)
org.eclipse.jdt.internal.junit.runner.TestExecution.run(TestExecution.java:40)
org.eclipse.jdt.internal.junit.runner.RemoteTestRunner.runTests(RemoteTestRunner.java:529)
org.eclipse.jdt.internal.junit.runner.RemoteTestRunner.runTests(RemoteTestRunner.java:756)
org.eclipse.jdt.internal.junit.runner.RemoteTestRunner.run(RemoteTestRunner.java:452)
org.eclipse.jdt.internal.junit.runner.RemoteTestRunner.main(RemoteTestRunner.java:210)
</system-err></testcase></testsuite>