<?xml version="1.0" encoding="UTF-8"?><testsuite errors="1" failures="0" name="Agrupación de casos Recarga prepago" skipped="0" tests="1" time="92.65" timestamp="2024-05-14 11:10:24"><testcase name="CP0331M_SYS_Validar proceso de recarga desde tienda virtual para operador movistar y verificar campo switch en web redeban"><error message="An element could not be located on the page using the given search parameters.&#10;For documentation on this error, please visit: http://seleniumhq.org/exceptions/no_such_element.html&#10;Build info: version: '3.14.0', revision: 'aacccce0', time: '2018-08-02T20:19:58.91Z'&#10;System info: host: 'MacBook-Pro-de-MacBook.local', ip: 'fe80:0:0:0:ca9:a895:6537:f147%en0', os.name: 'Mac OS X', os.arch: 'x86_64', os.version: '10.16', java.version: '15.0.2'&#10;Driver info: io.appium.java_client.AppiumDriver&#10;Capabilities {autoAcceptAlerts: true, automationName: XCUITest, browserName: , bundleId: com.daviplatavalid.lab, databaseEnabled: false, deviceName: iPhone 14, javascriptEnabled: true, locationContextEnabled: false, networkConnectionEnabled: false, newCommandTimeout: 240, noReset: false, platform: MAC, platformName: MAC, platformVersion: 16.5, showXcodelog: true, skipUnlock: true, takesScreenshot: true, udid: 00008120-001A09993E60201E, webStorageEnabled: false}&#10;Session ID: 7c617afa-ff85-4de4-8c42-702478970bb8&#10;*** Element info: {Using=xpath, value=//XCUIElementTypeSecureTextField[1]}&#10;For documentation on this error, please visit: http://seleniumhq.org/exceptions/no_such_element.html&#10;Build info: version: '3.14.0', revision: 'aacccce0', time: '2018-08-02T20:19:58.91Z'&#10;System info: host: 'MacBook-Pro-de-MacBook.local', ip: 'fe80:0:0:0:ca9:a895:6537:f147%en0', os.name: 'Mac OS X', os.arch: 'x86_64', os.version: '10.16', java.version: '15.0.2'&#10;Driver info: driver.version: AppiumDriver" type="org.openqa.selenium.NoSuchElementException">An element could not be located on the page using the given search parameters.
For documentation on this error, please visit: http://seleniumhq.org/exceptions/no_such_element.html
Build info: version: '3.14.0', revision: 'aacccce0', time: '2018-08-02T20:19:58.91Z'
System info: host: 'MacBook-Pro-de-MacBook.local', ip: 'fe80:0:0:0:ca9:a895:6537:f147%en0', os.name: 'Mac OS X', os.arch: 'x86_64', os.version: '10.16', java.version: '15.0.2'
Driver info: io.appium.java_client.AppiumDriver
Capabilities {autoAcceptAlerts: true, automationName: XCUITest, browserName: , bundleId: com.daviplatavalid.lab, databaseEnabled: false, deviceName: iPhone 14, javascriptEnabled: true, locationContextEnabled: false, networkConnectionEnabled: false, newCommandTimeout: 240, noReset: false, platform: MAC, platformName: MAC, platformVersion: 16.5, showXcodelog: true, skipUnlock: true, takesScreenshot: true, udid: 00008120-001A09993E60201E, webStorageEnabled: false}
Session ID: 7c617afa-ff85-4de4-8c42-702478970bb8
*** Element info: {Using=xpath, value=//XCUIElementTypeSecureTextField[1]}
For documentation on this error, please visit: http://seleniumhq.org/exceptions/no_such_element.html
Build info: version: '3.14.0', revision: 'aacccce0', time: '2018-08-02T20:19:58.91Z'
System info: host: 'MacBook-Pro-de-MacBook.local', ip: 'fe80:0:0:0:ca9:a895:6537:f147%en0', os.name: 'Mac OS X', os.arch: 'x86_64', os.version: '10.16', java.version: '15.0.2'
Driver info: driver.version: AppiumDriver</error><system-err>An element could not be located on the page using the given search parameters.
For documentation on this error, please visit: http://seleniumhq.org/exceptions/no_such_element.html
Build info: version: '3.14.0', revision: 'aacccce0', time: '2018-08-02T20:19:58.91Z'
System info: host: 'MacBook-Pro-de-MacBook.local', ip: 'fe80:0:0:0:ca9:a895:6537:f147%en0', os.name: 'Mac OS X', os.arch: 'x86_64', os.version: '10.16', java.version: '15.0.2'
Driver info: io.appium.java_client.AppiumDriver
Capabilities {autoAcceptAlerts: true, automationName: XCUITest, browserName: , bundleId: com.daviplatavalid.lab, databaseEnabled: false, deviceName: iPhone 14, javascriptEnabled: true, locationContextEnabled: false, networkConnectionEnabled: false, newCommandTimeout: 240, noReset: false, platform: MAC, platformName: MAC, platformVersion: 16.5, showXcodelog: true, skipUnlock: true, takesScreenshot: true, udid: 00008120-001A09993E60201E, webStorageEnabled: false}
Session ID: 7c617afa-ff85-4de4-8c42-702478970bb8
*** Element info: {Using=xpath, value=//XCUIElementTypeSecureTextField[1]}
For documentation on this error, please visit: http://seleniumhq.org/exceptions/no_such_element.html
Build info: version: '3.14.0', revision: 'aacccce0', time: '2018-08-02T20:19:58.91Z'
System info: host: 'MacBook-Pro-de-MacBook.local', ip: 'fe80:0:0:0:ca9:a895:6537:f147%en0', os.name: 'Mac OS X', os.arch: 'x86_64', os.version: '10.16', java.version: '15.0.2'
Driver info: driver.version: AppiumDriver
java.base/jdk.internal.reflect.NativeConstructorAccessorImpl.newInstance0(Native Method)
java.base/jdk.internal.reflect.NativeConstructorAccessorImpl.newInstance(NativeConstructorAccessorImpl.java:64)
java.base/jdk.internal.reflect.DelegatingConstructorAccessorImpl.newInstance(DelegatingConstructorAccessorImpl.java:45)
io.appium.java_client.remote.AppiumCommandExecutor.execute(AppiumCommandExecutor.java:231)
io.appium.java_client.DefaultGenericMobileDriver.execute(DefaultGenericMobileDriver.java:42)
io.appium.java_client.AppiumDriver.execute(AppiumDriver.java:1)
io.appium.java_client.DefaultGenericMobileDriver.findElement(DefaultGenericMobileDriver.java:62)
io.appium.java_client.AppiumDriver.findElement(AppiumDriver.java:1)
io.appium.java_client.DefaultGenericMobileDriver.findElementByXPath(DefaultGenericMobileDriver.java:152)
io.appium.java_client.AppiumDriver.findElementByXPath(AppiumDriver.java:1)
io.appium.java_client.DefaultGenericMobileDriver.findElement(DefaultGenericMobileDriver.java:58)
io.appium.java_client.AppiumDriver.findElement(AppiumDriver.java:1)
daviplata.nacional.iOS.pageObjects.LoginPageObjects.ingresarContrasena(LoginPageObjects.java:717)
daviplata.nacional.iOS.steps.LoginSteps.ingresarAApp(LoginSteps.java:161)
daviplata.nacional.iOS.definitions.LoginDefinitions.ingresoUsuarioYContrasena(LoginDefinitions.java:42)
✽.ingreso usuario y contrasena "CC" "1020770043" "1342"(src/test/resources/features/RecargaPrepago.feature:9)
</system-err></testcase></testsuite>