<?xml version="1.0" encoding="UTF-8"?><testsuite errors="1" failures="1" name="Pruebas en la funcionalidad de perfil negocio de la app Daviplata." skipped="0" tests="2" time="236.67" timestamp="2024-05-22 04:09:57"><testcase name="CP02702M_SYS_Validar funcionalidad de pasar plata (a cuenta corriente), desde botón de home desde perfil negocio."><failure message="No pudo interactuar con el elemento: //XCUIElementTypeStaticText[@name='Avenida']" type="java.lang.AssertionError">No pudo interactuar con el elemento: //XCUIElementTypeStaticText[@name='Avenida']</failure><system-err>No pudo interactuar con el elemento: //XCUIElementTypeStaticText[@name='Avenida']
daviplata.nacional.iOS.utilidades.UtilidadesTCS.clicElement(UtilidadesTCS.java:80)
daviplata.nacional.iOS.steps.negocioSteps.completarFormularioCrearPuntoDeVenta(negocioSteps.java:395)
daviplata.nacional.iOS.definitions.negocioDefinitions.completoDatosParaCrearElPuntoDeVenta(negocioDefinitions.java:176)
✽.completo datos para crear el punto de venta "Avenida" "Medellín" "Avenida"(src/test/resources/features/negocio.feature:326)
</system-err></testcase><testcase name="CP02702M_SYS_Validar funcionalidad de pasar plata (a otro banco), desde botón de home desde perfil negocio."><error message="Cannot invoke &quot;org.openqa.selenium.WebDriver.quit()&quot; because &quot;daviplata.nacional.iOS.utilidades.BaseUtil.chromeDriver&quot; is null" type="java.lang.NullPointerException">Cannot invoke "org.openqa.selenium.WebDriver.quit()" because "daviplata.nacional.iOS.utilidades.BaseUtil.chromeDriver" is null</error><system-err>Cannot invoke "org.openqa.selenium.WebDriver.quit()" because "daviplata.nacional.iOS.utilidades.BaseUtil.chromeDriver" is null
daviplata.nacional.iOS.pageObjects.WebRedebanPageObjects.cerrarWebRedeban(WebRedebanPageObjects.java:1730)
daviplata.nacional.iOS.steps.WebRedebanSteps.loginWebRedeban(WebRedebanSteps.java:387)
daviplata.nacional.iOS.steps.WebRedebanSteps.consultaNumeroCelular(WebRedebanSteps.java:308)
daviplata.nacional.iOS.definitions.BolsilloDefinitions.obtenerNumeroCelularActualEnRedeban(BolsilloDefinitions.java:141)
✽.obtener numero celular actual en redeban bolsillos "1020770004"(src/test/resources/features/negocio.feature:401)
</system-err></testcase></testsuite>