<?xml version="1.0" encoding="UTF-8"?><testsuite errors="0" failures="1" name="Agrupoación de casos de Nanocredito" skipped="0" tests="1" time="143.19" timestamp="2024-05-20 03:32:50"><testcase name="CP0684M_SYS_Validar cajón de nanocredito barra productos"><failure message="No se encontró el elemento: //XCUIElementTypeStaticText[contains(@value, 'Conozca el Nanocrédito')] | //XCUIElementTypeStaticText[contains(@name, 'Conozca el Nanocrédito')], debido a: Expected condition failed: waiting for visibility of element located by By.xpath: //XCUIElementTypeStaticText[contains(@value, 'Conozca el Nanocrédito')] | //XCUIElementTypeStaticText[contains(@name, 'Conozca el Nanocrédito')] (tried for 5 second(s) with 500 milliseconds interval)" type="java.lang.AssertionError">No se encontró el elemento: //XCUIElementTypeStaticText[contains(@value, 'Conozca el Nanocrédito')] | //XCUIElementTypeStaticText[contains(@name, 'Conozca el Nanocrédito')], debido a: Expected condition failed: waiting for visibility of element located by By.xpath: //XCUIElementTypeStaticText[contains(@value, 'Conozca el Nanocrédito')] | //XCUIElementTypeStaticText[contains(@name, 'Conozca el Nanocrédito')] (tried for 5 second(s) with 500 milliseconds interval)</failure><system-err>No se encontró el elemento: //XCUIElementTypeStaticText[contains(@value, 'Conozca el Nanocrédito')] | //XCUIElementTypeStaticText[contains(@name, 'Conozca el Nanocrédito')], debido a: Expected condition failed: waiting for visibility of element located by By.xpath: //XCUIElementTypeStaticText[contains(@value, 'Conozca el Nanocrédito')] | //XCUIElementTypeStaticText[contains(@name, 'Conozca el Nanocrédito')] (tried for 5 second(s) with 500 milliseconds interval)
daviplata.nacional.iOS.utilidades.UtilidadesTCS.esperarElementVisibility(UtilidadesTCS.java:389)
daviplata.nacional.iOS.utilidades.UtilidadesTCS.esperarElementVisibility(UtilidadesTCS.java:387)
daviplata.nacional.iOS.utilidades.UtilidadesTCS.esperarElementVisibility(UtilidadesTCS.java:387)
daviplata.nacional.iOS.utilidades.UtilidadesTCS.esperarElementVisibility(UtilidadesTCS.java:387)
daviplata.nacional.iOS.utilidades.UtilidadesTCS.esperarElementVisibility(UtilidadesTCS.java:387)
daviplata.nacional.iOS.steps.NanocreditoSteps.validarPopUpNanocredito(NanocreditoSteps.java:339)
daviplata.nacional.iOS.definitions.NanocreditoDefinitions.validarPopUpNanocreditoAlIngresarAlHomeDaviplata(NanocreditoDefinitions.java:79)
✽.Validar PopUp nanocredito al ingresar al home daviplata(src/test/resources/features/nanocredito.feature:114)
</system-err></testcase></testsuite>