<?xml version="1.0" encoding="UTF-8"?><testsuite errors="0" failures="1" name="Set PruebasMarketplace" skipped="0" tests="1" time="496.89" timestamp="2024-05-07 08:21:43"><testcase name="CP03330M_SYS_Validar que la franja de categorías tenga scroll de forma horizontal tanto a la derecha como a la izquierda."><failure message="No pude Validar correctamente el ultimo elemento de la barra de navegacion de Categorias debido a: Expected condition failed: waiting for element to be clickable: By.xpath: //XCUIElementTypeStaticText[@name='Adquiera los mejores productos'] (tried for 10 second(s) with 500 milliseconds interval)" type="java.lang.AssertionError">No pude Validar correctamente el ultimo elemento de la barra de navegacion de Categorias debido a: Expected condition failed: waiting for element to be clickable: By.xpath: //XCUIElementTypeStaticText[@name='Adquiera los mejores productos'] (tried for 10 second(s) with 500 milliseconds interval)</failure><system-err>No pude Validar correctamente el ultimo elemento de la barra de navegacion de Categorias debido a: Expected condition failed: waiting for element to be clickable: By.xpath: //XCUIElementTypeStaticText[@name='Adquiera los mejores productos'] (tried for 10 second(s) with 500 milliseconds interval)
daviplata.nacional.iOS.pageObjects.MarketPlacePageObjects.validarUltimoElementoCategorias(MarketPlacePageObjects.java:2056)
daviplata.nacional.iOS.pageObjects.MarketPlacePageObjects.validarUltimoElementoCategorias(MarketPlacePageObjects.java:2054)
daviplata.nacional.iOS.pageObjects.MarketPlacePageObjects.validarUltimoElementoCategorias(MarketPlacePageObjects.java:2054)
daviplata.nacional.iOS.pageObjects.MarketPlacePageObjects.validarUltimoElementoCategorias(MarketPlacePageObjects.java:2054)
daviplata.nacional.iOS.pageObjects.MarketPlacePageObjects.validarUltimoElementoCategorias(MarketPlacePageObjects.java:2054)
daviplata.nacional.iOS.pageObjects.MarketPlacePageObjects.validarUltimoElementoCategorias(MarketPlacePageObjects.java:2054)
daviplata.nacional.iOS.pageObjects.MarketPlacePageObjects.validarUltimoElementoCategorias(MarketPlacePageObjects.java:2054)
daviplata.nacional.iOS.pageObjects.MarketPlacePageObjects.validarUltimoElementoCategorias(MarketPlacePageObjects.java:2054)
daviplata.nacional.iOS.pageObjects.MarketPlacePageObjects.validarUltimoElementoCategorias(MarketPlacePageObjects.java:2054)
daviplata.nacional.iOS.pageObjects.MarketPlacePageObjects.validarUltimoElementoCategorias(MarketPlacePageObjects.java:2054)
daviplata.nacional.iOS.pageObjects.MarketPlacePageObjects.validarUltimoElementoCategorias(MarketPlacePageObjects.java:2054)
daviplata.nacional.iOS.pageObjects.MarketPlacePageObjects.validarUltimoElementoCategorias(MarketPlacePageObjects.java:2054)
daviplata.nacional.iOS.pageObjects.MarketPlacePageObjects.validarUltimoElementoCategorias(MarketPlacePageObjects.java:2054)
daviplata.nacional.iOS.pageObjects.MarketPlacePageObjects.validarUltimoElementoCategorias(MarketPlacePageObjects.java:2054)
daviplata.nacional.iOS.pageObjects.MarketPlacePageObjects.validarUltimoElementoCategorias(MarketPlacePageObjects.java:2054)
daviplata.nacional.iOS.pageObjects.MarketPlacePageObjects.validarUltimoElementoCategorias(MarketPlacePageObjects.java:2054)
daviplata.nacional.iOS.pageObjects.MarketPlacePageObjects.validarUltimoElementoCategorias(MarketPlacePageObjects.java:2054)
daviplata.nacional.iOS.pageObjects.MarketPlacePageObjects.validarUltimoElementoCategorias(MarketPlacePageObjects.java:2054)
daviplata.nacional.iOS.pageObjects.MarketPlacePageObjects.validarUltimoElementoCategorias(MarketPlacePageObjects.java:2054)
daviplata.nacional.iOS.pageObjects.MarketPlacePageObjects.validarUltimoElementoCategorias(MarketPlacePageObjects.java:2054)
daviplata.nacional.iOS.steps.MarketPlaceSteps.validoScrollHorizontalCategorias(MarketPlaceSteps.java:875)
daviplata.nacional.iOS.definitions.MarketPlaceDefinitions.validoScrollHorizontalCategorias(MarketPlaceDefinitions.java:327)
java.base/jdk.internal.reflect.NativeMethodAccessorImpl.invoke0(Native Method)
java.base/jdk.internal.reflect.NativeMethodAccessorImpl.invoke(NativeMethodAccessorImpl.java:64)
java.base/jdk.internal.reflect.DelegatingMethodAccessorImpl.invoke(DelegatingMethodAccessorImpl.java:43)
cucumber.runner.Runner.runPickle(Runner.java:80)
daviplata.nacional.iOS.runners.RunnerPersonalizado.run(RunnerPersonalizado.java:63)
org.eclipse.jdt.internal.junit4.runner.JUnit4TestReference.run(JUnit4TestReference.java:93)
org.eclipse.jdt.internal.junit.runner.TestExecution.run(TestExecution.java:40)
org.eclipse.jdt.internal.junit.runner.RemoteTestRunner.runTests(RemoteTestRunner.java:529)
org.eclipse.jdt.internal.junit.runner.RemoteTestRunner.runTests(RemoteTestRunner.java:756)
org.eclipse.jdt.internal.junit.runner.RemoteTestRunner.run(RemoteTestRunner.java:452)
org.eclipse.jdt.internal.junit.runner.RemoteTestRunner.main(RemoteTestRunner.java:210)
</system-err></testcase></testsuite>