<?xml version="1.0" encoding="UTF-8"?><testsuite errors="0" failures="1" name="Modulo Meter plata" skipped="0" tests="1" time="264.16" timestamp="2024-10-28 04:40:55"><testcase name="CP04239M_SYS_Validar proceso de meter plata al daviplata a traves de PSE Subtipo M35"><failure message="No se encontró el elemento: //XCUIElementTypeStaticText[contains(@name,'Desde cuentas Davivienda')], debido a: Expected condition failed: waiting for visibility of element located by By.xpath: //XCUIElementTypeStaticText[contains(@name,'Desde cuentas Davivienda')] (tried for 5 second(s) with 500 milliseconds interval)" type="java.lang.AssertionError">No se encontró el elemento: //XCUIElementTypeStaticText[contains(@name,'Desde cuentas Davivienda')], debido a: Expected condition failed: waiting for visibility of element located by By.xpath: //XCUIElementTypeStaticText[contains(@name,'Desde cuentas Davivienda')] (tried for 5 second(s) with 500 milliseconds interval)</failure><system-err>No se encontró el elemento: //XCUIElementTypeStaticText[contains(@name,'Desde cuentas Davivienda')], debido a: Expected condition failed: waiting for visibility of element located by By.xpath: //XCUIElementTypeStaticText[contains(@name,'Desde cuentas Davivienda')] (tried for 5 second(s) with 500 milliseconds interval)
daviplata.nacional.iOS.utilidades.UtilidadesTCS.esperarElementVisibility(UtilidadesTCS.java:419)
daviplata.nacional.iOS.utilidades.UtilidadesTCS.esperarElementVisibility(UtilidadesTCS.java:417)
daviplata.nacional.iOS.utilidades.UtilidadesTCS.esperarElementVisibility(UtilidadesTCS.java:417)
daviplata.nacional.iOS.utilidades.UtilidadesTCS.esperarElementVisibility(UtilidadesTCS.java:417)
daviplata.nacional.iOS.utilidades.UtilidadesTCS.esperarElementVisibility(UtilidadesTCS.java:417)
daviplata.nacional.iOS.steps.MeterPlataSteps.ingresoOpcionDesdeCuentasDavivienda(MeterPlataSteps.java:407)
daviplata.nacional.iOS.definitions.MeterPlataDefinitions.ingresoALaOpciónDesdeCuentasDaviviendaEnElMóduloMeterPlata(MeterPlataDefinitions.java:278)
✽.Ingreso a la opción 'Desde cuentas Davivienda' en el módulo meter plata(src/test/resources/features/MeterPlata.feature:64)
</system-err></testcase></testsuite>