<?xml version="1.0" encoding="UTF-8"?><testsuite errors="0" failures="1" name="Set De Casos Microseguros" skipped="0" tests="1" time="130.65" timestamp="2024-03-27 08:32:07"><testcase name="CP100082M_SYS_Validar proceso de compra de microseguro de mascota opción 1 desde tienda virtual"><failure message="No se encontró el elemento: //*[@name='Menu de conocimiento'], debido a: Expected condition failed: waiting for visibility of element located by By.xpath: //*[@name='Menu de conocimiento'] (tried for 5 second(s) with 500 milliseconds interval)" type="java.lang.AssertionError">No se encontró el elemento: //*[@name='Menu de conocimiento'], debido a: Expected condition failed: waiting for visibility of element located by By.xpath: //*[@name='Menu de conocimiento'] (tried for 5 second(s) with 500 milliseconds interval)</failure><system-err>No se encontró el elemento: //*[@name='Menu de conocimiento'], debido a: Expected condition failed: waiting for visibility of element located by By.xpath: //*[@name='Menu de conocimiento'] (tried for 5 second(s) with 500 milliseconds interval)
daviplata.nacional.iOS.utilidades.UtilidadesTCS.esperarElementVisibility(UtilidadesTCS.java:292)
daviplata.nacional.iOS.utilidades.UtilidadesTCS.esperarElementVisibility(UtilidadesTCS.java:290)
daviplata.nacional.iOS.utilidades.UtilidadesTCS.esperarElementVisibility(UtilidadesTCS.java:290)
daviplata.nacional.iOS.utilidades.UtilidadesTCS.esperarElementVisibility(UtilidadesTCS.java:290)
daviplata.nacional.iOS.utilidades.UtilidadesTCS.esperarElementVisibility(UtilidadesTCS.java:290)
daviplata.nacional.iOS.utilidades.UtilidadesTCS.esperarElementVisibility(UtilidadesTCS.java:290)
daviplata.nacional.iOS.utilidades.UtilidadesTCS.esperarElementVisibility(UtilidadesTCS.java:290)
daviplata.nacional.iOS.utilidades.UtilidadesTCS.esperarElementVisibility(UtilidadesTCS.java:290)
daviplata.nacional.iOS.utilidades.UtilidadesTCS.esperarElementVisibility(UtilidadesTCS.java:290)
daviplata.nacional.iOS.utilidades.UtilidadesTCS.esperarElementVisibility(UtilidadesTCS.java:290)
daviplata.nacional.iOS.utilidades.UtilidadesTCS.esperarElementVisibility(UtilidadesTCS.java:290)
daviplata.nacional.iOS.utilidades.UtilidadesTCS.esperarElementVisibility(UtilidadesTCS.java:290)
daviplata.nacional.iOS.utilidades.UtilidadesTCS.esperarElementVisibility(UtilidadesTCS.java:290)
daviplata.nacional.iOS.utilidades.UtilidadesTCS.esperarElementVisibility(UtilidadesTCS.java:290)
daviplata.nacional.iOS.utilidades.UtilidadesTCS.esperarElementVisibility(UtilidadesTCS.java:290)
daviplata.nacional.iOS.steps.LoginSteps.ingresarAApp(LoginSteps.java:82)
daviplata.nacional.iOS.definitions.LoginDefinitions.ingresoUsuarioYContrasena(LoginDefinitions.java:47)
✽.ingreso usuario y contrasena "CC" "1020770032" "1234"(src/test/resources/features/MicroSeguro.feature:572)
</system-err></testcase></testsuite>