<?xml version="1.0" encoding="UTF-8"?><testsuite errors="0" failures="1" name="Pruebas en la funcionalidad de perfil negocio de la app Daviplata." skipped="0" tests="1" time="273.07" timestamp="2024-07-29 08:54:31"><testcase name="CP02693M_SYS_Validar la creación de código QR con valor, con el tope minimo y maximo actual permitido en el mes."><failure message="No se encontró mensaje de creación de QR perfil negocio debido a: Expected condition failed: waiting for element to be clickable: By.xpath: (//XCUIElementTypeStaticText[@name='Código generado de forma exitosa']) (tried for 10 second(s) with 500 milliseconds interval)" type="java.lang.AssertionError">No se encontró mensaje de creación de QR perfil negocio debido a: Expected condition failed: waiting for element to be clickable: By.xpath: (//XCUIElementTypeStaticText[@name='Código generado de forma exitosa']) (tried for 10 second(s) with 500 milliseconds interval)</failure><system-err>No se encontró mensaje de creación de QR perfil negocio debido a: Expected condition failed: waiting for element to be clickable: By.xpath: (//XCUIElementTypeStaticText[@name='Código generado de forma exitosa']) (tried for 10 second(s) with 500 milliseconds interval)
daviplata.nacional.iOS.pageObjects.negocioPageObjects.validarQRGenerado(negocioPageObjects.java:2724)
daviplata.nacional.iOS.pageObjects.negocioPageObjects.validarQRGenerado(negocioPageObjects.java:2722)
daviplata.nacional.iOS.pageObjects.negocioPageObjects.validarQRGenerado(negocioPageObjects.java:2722)
daviplata.nacional.iOS.pageObjects.negocioPageObjects.validarQRGenerado(negocioPageObjects.java:2722)
daviplata.nacional.iOS.pageObjects.negocioPageObjects.validarQRGenerado(negocioPageObjects.java:2722)
daviplata.nacional.iOS.pageObjects.negocioPageObjects.validarQRGenerado(negocioPageObjects.java:2722)
daviplata.nacional.iOS.steps.negocioSteps.validarQRCreadoValorMinimo(negocioSteps.java:859)
daviplata.nacional.iOS.definitions.negocioDefinitions.validarQRCreadoValorMinimo(negocioDefinitions.java:338)
cucumber.runner.Runner.runPickle(Runner.java:80)
daviplata.nacional.iOS.runners.RunnerPersonalizado.run(RunnerPersonalizado.java:63)
org.eclipse.jdt.internal.junit4.runner.JUnit4TestReference.run(JUnit4TestReference.java:93)
org.eclipse.jdt.internal.junit.runner.TestExecution.run(TestExecution.java:40)
org.eclipse.jdt.internal.junit.runner.RemoteTestRunner.runTests(RemoteTestRunner.java:529)
org.eclipse.jdt.internal.junit.runner.RemoteTestRunner.runTests(RemoteTestRunner.java:756)
org.eclipse.jdt.internal.junit.runner.RemoteTestRunner.run(RemoteTestRunner.java:452)
org.eclipse.jdt.internal.junit.runner.RemoteTestRunner.main(RemoteTestRunner.java:210)
</system-err></testcase></testsuite>